[2024-08-15T08:34:15.218+0000] {local_task_job_runner.py:120} INFO - ::group::Pre task execution logs
[2024-08-15T08:34:15.353+0000] {taskinstance.py:2076} INFO - Dependencies all met for dep_context=non-requeueable deps ti=<TaskInstance: simple_dag.process_data manual__2024-08-15T08:34:08.279286+00:00 [queued]>
[2024-08-15T08:34:15.401+0000] {taskinstance.py:2076} INFO - Dependencies all met for dep_context=requeueable deps ti=<TaskInstance: simple_dag.process_data manual__2024-08-15T08:34:08.279286+00:00 [queued]>
[2024-08-15T08:34:15.404+0000] {taskinstance.py:2306} INFO - Starting attempt 1 of 2
[2024-08-15T08:34:15.480+0000] {taskinstance.py:2330} INFO - Executing <Task(PythonOperator): process_data> on 2024-08-15 08:34:08.279286+00:00
[2024-08-15T08:34:15.506+0000] {warnings.py:112} WARNING - /home/***/.local/lib/python3.12/site-packages/***/task/task_runner/standard_task_runner.py:62: DeprecationWarning: This process (pid=6695) is multi-threaded, use of fork() may lead to deadlocks in the child.
  pid = os.fork()

[2024-08-15T08:34:15.516+0000] {standard_task_runner.py:64} INFO - Started process 6701 to run task
[2024-08-15T08:34:15.513+0000] {standard_task_runner.py:90} INFO - Running: ['***', 'tasks', 'run', 'simple_dag', 'process_data', 'manual__2024-08-15T08:34:08.279286+00:00', '--job-id', '195', '--raw', '--subdir', 'DAGS_FOLDER/envioemail.py', '--cfg-path', '/tmp/tmp16eko49o']
[2024-08-15T08:34:15.525+0000] {standard_task_runner.py:91} INFO - Job 195: Subtask process_data
[2024-08-15T08:34:15.756+0000] {task_command.py:426} INFO - Running <TaskInstance: simple_dag.process_data manual__2024-08-15T08:34:08.279286+00:00 [running]> on host 18efa902f572
[2024-08-15T08:34:16.320+0000] {taskinstance.py:2648} INFO - Exporting env vars: AIRFLOW_CTX_DAG_OWNER='***' AIRFLOW_CTX_DAG_ID='simple_dag' AIRFLOW_CTX_TASK_ID='process_data' AIRFLOW_CTX_EXECUTION_DATE='2024-08-15T08:34:08.279286+00:00' AIRFLOW_CTX_TRY_NUMBER='1' AIRFLOW_CTX_DAG_RUN_ID='manual__2024-08-15T08:34:08.279286+00:00'
[2024-08-15T08:34:16.326+0000] {taskinstance.py:430} INFO - ::endgroup::
[2024-08-15T08:34:16.483+0000] {base.py:84} INFO - Using connection ID 'my_mssql_conn_id' for task execution.
[2024-08-15T08:34:16.615+0000] {logging_mixin.py:188} INFO - 1*****************************************************************
[2024-08-15T08:34:16.697+0000] {taskinstance.py:441} INFO - ::group::Post task execution logs
[2024-08-15T08:34:16.713+0000] {taskinstance.py:2905} ERROR - Task failed with exception
Traceback (most recent call last):
  File "/home/airflow/.local/lib/python3.12/site-packages/airflow/models/taskinstance.py", line 465, in _execute_task
    result = _execute_callable(context=context, **execute_callable_kwargs)
             ^^^^^^^^^^^^^^^^^^^^^^^^^^^^^^^^^^^^^^^^^^^^^^^^^^^^^^^^^^^^^
  File "/home/airflow/.local/lib/python3.12/site-packages/airflow/models/taskinstance.py", line 432, in _execute_callable
    return execute_callable(context=context, **execute_callable_kwargs)
           ^^^^^^^^^^^^^^^^^^^^^^^^^^^^^^^^^^^^^^^^^^^^^^^^^^^^^^^^^^^^
  File "/home/airflow/.local/lib/python3.12/site-packages/airflow/models/baseoperator.py", line 401, in wrapper
    return func(self, *args, **kwargs)
           ^^^^^^^^^^^^^^^^^^^^^^^^^^^
  File "/home/airflow/.local/lib/python3.12/site-packages/airflow/operators/python.py", line 235, in execute
    return_value = self.execute_callable()
                   ^^^^^^^^^^^^^^^^^^^^^^^
  File "/home/airflow/.local/lib/python3.12/site-packages/airflow/operators/python.py", line 252, in execute_callable
    return self.python_callable(*self.op_args, **self.op_kwargs)
           ^^^^^^^^^^^^^^^^^^^^^^^^^^^^^^^^^^^^^^^^^^^^^^^^^^^^^
  File "/opt/airflow/dags/funciones.py", line 61, in process_data
    product_counts = df['ProductID'].value_counts()
                     ~~^^^^^^^^^^^^^
TypeError: 'NoneType' object is not subscriptable
[2024-08-15T08:34:16.841+0000] {taskinstance.py:1206} INFO - Marking task as UP_FOR_RETRY. dag_id=simple_dag, task_id=process_data, run_id=manual__2024-08-15T08:34:08.279286+00:00, execution_date=20240815T083408, start_date=20240815T083415, end_date=20240815T083416
[2024-08-15T08:34:16.940+0000] {standard_task_runner.py:110} ERROR - Failed to execute job 195 for task process_data ('NoneType' object is not subscriptable; 6701)
[2024-08-15T08:34:17.059+0000] {local_task_job_runner.py:243} INFO - Task exited with return code 1
[2024-08-15T08:34:17.209+0000] {taskinstance.py:3503} INFO - 0 downstream tasks scheduled from follow-on schedule check
[2024-08-15T08:34:17.259+0000] {local_task_job_runner.py:222} INFO - ::endgroup::
