[2024-08-31T17:09:00.085+0000] {local_task_job_runner.py:120} INFO - ::group::Pre task execution logs
[2024-08-31T17:09:00.446+0000] {taskinstance.py:2076} INFO - Dependencies all met for dep_context=non-requeueable deps ti=<TaskInstance: simple_dag.send_email manual__2024-08-31T16:50:00.890695+00:00 [queued]>
[2024-08-31T17:09:00.468+0000] {taskinstance.py:2076} INFO - Dependencies all met for dep_context=requeueable deps ti=<TaskInstance: simple_dag.send_email manual__2024-08-31T16:50:00.890695+00:00 [queued]>
[2024-08-31T17:09:00.469+0000] {taskinstance.py:2306} INFO - Starting attempt 1 of 2
[2024-08-31T17:09:00.503+0000] {taskinstance.py:2330} INFO - Executing <Task(EmailOperator): send_email> on 2024-08-31 16:50:00.890695+00:00
[2024-08-31T17:09:00.519+0000] {warnings.py:112} WARNING - /home/***/.local/lib/python3.12/site-packages/***/task/task_runner/standard_task_runner.py:62: DeprecationWarning: This process (pid=2697) is multi-threaded, use of fork() may lead to deadlocks in the child.
  pid = os.fork()

[2024-08-31T17:09:00.522+0000] {standard_task_runner.py:64} INFO - Started process 2699 to run task
[2024-08-31T17:09:00.523+0000] {standard_task_runner.py:90} INFO - Running: ['***', 'tasks', 'run', 'simple_dag', 'send_email', 'manual__2024-08-31T16:50:00.890695+00:00', '--job-id', '330', '--raw', '--subdir', 'DAGS_FOLDER/envioemail.py', '--cfg-path', '/tmp/tmps7_wgkty']
[2024-08-31T17:09:00.530+0000] {standard_task_runner.py:91} INFO - Job 330: Subtask send_email
[2024-08-31T17:09:00.630+0000] {task_command.py:426} INFO - Running <TaskInstance: simple_dag.send_email manual__2024-08-31T16:50:00.890695+00:00 [running]> on host 19bb8daff211
[2024-08-31T17:09:00.851+0000] {taskinstance.py:2648} INFO - Exporting env vars: AIRFLOW_CTX_DAG_EMAIL='jorgepons90@gmail.com,facturasjorgepons@gmail.com' AIRFLOW_CTX_DAG_OWNER='Jorge Pons' AIRFLOW_CTX_DAG_ID='simple_dag' AIRFLOW_CTX_TASK_ID='send_email' AIRFLOW_CTX_EXECUTION_DATE='2024-08-31T16:50:00.890695+00:00' AIRFLOW_CTX_TRY_NUMBER='1' AIRFLOW_CTX_DAG_RUN_ID='manual__2024-08-31T16:50:00.890695+00:00'
[2024-08-31T17:09:00.854+0000] {taskinstance.py:430} INFO - ::endgroup::
[2024-08-31T17:09:00.936+0000] {base.py:84} INFO - Using connection ID 'smtp_default' for task execution.
[2024-08-31T17:09:00.937+0000] {email.py:271} INFO - Email alerting: attempt 1
[2024-08-31T17:09:01.484+0000] {email.py:282} INFO - Sent an alert email to ['algenet4.jpons@gmail.com']
[2024-08-31T17:09:02.471+0000] {taskinstance.py:441} INFO - ::group::Post task execution logs
[2024-08-31T17:09:02.489+0000] {taskinstance.py:1206} INFO - Marking task as SUCCESS. dag_id=simple_dag, task_id=send_email, run_id=manual__2024-08-31T16:50:00.890695+00:00, execution_date=20240831T165000, start_date=20240831T170900, end_date=20240831T170902
[2024-08-31T17:09:02.552+0000] {local_task_job_runner.py:243} INFO - Task exited with return code 0
[2024-08-31T17:09:02.579+0000] {taskinstance.py:3503} INFO - 0 downstream tasks scheduled from follow-on schedule check
[2024-08-31T17:09:02.582+0000] {local_task_job_runner.py:222} INFO - ::endgroup::
