[2024-08-29T14:56:07.482+0000] {local_task_job_runner.py:120} INFO - ::group::Pre task execution logs
[2024-08-29T14:56:07.539+0000] {taskinstance.py:2076} INFO - Dependencies all met for dep_context=non-requeueable deps ti=<TaskInstance: simple_dag.send_email scheduled__2024-08-28T00:00:00+00:00 [queued]>
[2024-08-29T14:56:07.560+0000] {taskinstance.py:2076} INFO - Dependencies all met for dep_context=requeueable deps ti=<TaskInstance: simple_dag.send_email scheduled__2024-08-28T00:00:00+00:00 [queued]>
[2024-08-29T14:56:07.564+0000] {taskinstance.py:2306} INFO - Starting attempt 1 of 2
[2024-08-29T14:56:07.630+0000] {taskinstance.py:2330} INFO - Executing <Task(EmailOperator): send_email> on 2024-08-28 00:00:00+00:00
[2024-08-29T14:56:07.648+0000] {warnings.py:112} WARNING - /home/***/.local/lib/python3.12/site-packages/***/task/task_runner/standard_task_runner.py:62: DeprecationWarning: This process (pid=90) is multi-threaded, use of fork() may lead to deadlocks in the child.
  pid = os.fork()

[2024-08-29T14:56:07.652+0000] {standard_task_runner.py:64} INFO - Started process 92 to run task
[2024-08-29T14:56:07.652+0000] {standard_task_runner.py:90} INFO - Running: ['***', 'tasks', 'run', 'simple_dag', 'send_email', 'scheduled__2024-08-28T00:00:00+00:00', '--job-id', '281', '--raw', '--subdir', 'DAGS_FOLDER/envioemail.py', '--cfg-path', '/tmp/tmp363_jhl_']
[2024-08-29T14:56:07.659+0000] {standard_task_runner.py:91} INFO - Job 281: Subtask send_email
[2024-08-29T14:56:07.802+0000] {task_command.py:426} INFO - Running <TaskInstance: simple_dag.send_email scheduled__2024-08-28T00:00:00+00:00 [running]> on host 00cc7a82b56e
[2024-08-29T14:56:08.088+0000] {taskinstance.py:2648} INFO - Exporting env vars: AIRFLOW_CTX_DAG_OWNER='***' AIRFLOW_CTX_DAG_ID='simple_dag' AIRFLOW_CTX_TASK_ID='send_email' AIRFLOW_CTX_EXECUTION_DATE='2024-08-28T00:00:00+00:00' AIRFLOW_CTX_TRY_NUMBER='1' AIRFLOW_CTX_DAG_RUN_ID='scheduled__2024-08-28T00:00:00+00:00'
[2024-08-29T14:56:08.091+0000] {taskinstance.py:430} INFO - ::endgroup::
[2024-08-29T14:56:08.209+0000] {base.py:84} INFO - Using connection ID 'smtp_default' for task execution.
[2024-08-29T14:56:08.211+0000] {email.py:271} INFO - Email alerting: attempt 1
[2024-08-29T14:56:09.066+0000] {email.py:282} INFO - Sent an alert email to ['algenet4.jpons@gmail.com']
[2024-08-29T14:56:09.939+0000] {taskinstance.py:441} INFO - ::group::Post task execution logs
[2024-08-29T14:56:09.954+0000] {taskinstance.py:1206} INFO - Marking task as SUCCESS. dag_id=simple_dag, task_id=send_email, run_id=scheduled__2024-08-28T00:00:00+00:00, execution_date=20240828T000000, start_date=20240829T145607, end_date=20240829T145609
[2024-08-29T14:56:10.000+0000] {local_task_job_runner.py:243} INFO - Task exited with return code 0
[2024-08-29T14:56:10.035+0000] {taskinstance.py:3503} INFO - 0 downstream tasks scheduled from follow-on schedule check
[2024-08-29T14:56:10.039+0000] {local_task_job_runner.py:222} INFO - ::endgroup::
