[2024-08-31T16:28:41.779+0000] {local_task_job_runner.py:120} INFO - ::group::Pre task execution logs
[2024-08-31T16:28:42.030+0000] {taskinstance.py:2076} INFO - Dependencies all met for dep_context=non-requeueable deps ti=<TaskInstance: simple_dag.tarea_fallida manual__2024-08-31T16:27:32.704103+00:00 [queued]>
[2024-08-31T16:28:42.045+0000] {taskinstance.py:2076} INFO - Dependencies all met for dep_context=requeueable deps ti=<TaskInstance: simple_dag.tarea_fallida manual__2024-08-31T16:27:32.704103+00:00 [queued]>
[2024-08-31T16:28:42.048+0000] {taskinstance.py:2306} INFO - Starting attempt 2 of 2
[2024-08-31T16:28:42.074+0000] {taskinstance.py:2330} INFO - Executing <Task(PythonOperator): tarea_fallida> on 2024-08-31 16:27:32.704103+00:00
[2024-08-31T16:28:42.084+0000] {warnings.py:112} WARNING - /home/***/.local/lib/python3.12/site-packages/***/task/task_runner/standard_task_runner.py:62: DeprecationWarning: This process (pid=2210) is multi-threaded, use of fork() may lead to deadlocks in the child.
  pid = os.fork()

[2024-08-31T16:28:42.087+0000] {standard_task_runner.py:64} INFO - Started process 2212 to run task
[2024-08-31T16:28:42.087+0000] {standard_task_runner.py:90} INFO - Running: ['***', 'tasks', 'run', 'simple_dag', 'tarea_fallida', 'manual__2024-08-31T16:27:32.704103+00:00', '--job-id', '327', '--raw', '--subdir', 'DAGS_FOLDER/envioemail.py', '--cfg-path', '/tmp/tmp3qgggnru']
[2024-08-31T16:28:42.093+0000] {standard_task_runner.py:91} INFO - Job 327: Subtask tarea_fallida
[2024-08-31T16:28:42.172+0000] {task_command.py:426} INFO - Running <TaskInstance: simple_dag.tarea_fallida manual__2024-08-31T16:27:32.704103+00:00 [running]> on host 19bb8daff211
[2024-08-31T16:28:42.338+0000] {taskinstance.py:2648} INFO - Exporting env vars: AIRFLOW_CTX_DAG_EMAIL='jorgepons90@gmail.com,facturasjorgepons@gmail.com' AIRFLOW_CTX_DAG_OWNER='Jorge Pons' AIRFLOW_CTX_DAG_ID='simple_dag' AIRFLOW_CTX_TASK_ID='tarea_fallida' AIRFLOW_CTX_EXECUTION_DATE='2024-08-31T16:27:32.704103+00:00' AIRFLOW_CTX_TRY_NUMBER='2' AIRFLOW_CTX_DAG_RUN_ID='manual__2024-08-31T16:27:32.704103+00:00'
[2024-08-31T16:28:42.340+0000] {taskinstance.py:430} INFO - ::endgroup::
[2024-08-31T16:28:42.364+0000] {taskinstance.py:441} INFO - ::group::Post task execution logs
[2024-08-31T16:28:42.365+0000] {taskinstance.py:2905} ERROR - Task failed with exception
Traceback (most recent call last):
  File "/home/airflow/.local/lib/python3.12/site-packages/airflow/models/taskinstance.py", line 465, in _execute_task
    result = _execute_callable(context=context, **execute_callable_kwargs)
             ^^^^^^^^^^^^^^^^^^^^^^^^^^^^^^^^^^^^^^^^^^^^^^^^^^^^^^^^^^^^^
  File "/home/airflow/.local/lib/python3.12/site-packages/airflow/models/taskinstance.py", line 432, in _execute_callable
    return execute_callable(context=context, **execute_callable_kwargs)
           ^^^^^^^^^^^^^^^^^^^^^^^^^^^^^^^^^^^^^^^^^^^^^^^^^^^^^^^^^^^^
  File "/home/airflow/.local/lib/python3.12/site-packages/airflow/models/baseoperator.py", line 401, in wrapper
    return func(self, *args, **kwargs)
           ^^^^^^^^^^^^^^^^^^^^^^^^^^^
  File "/home/airflow/.local/lib/python3.12/site-packages/airflow/operators/python.py", line 235, in execute
    return_value = self.execute_callable()
                   ^^^^^^^^^^^^^^^^^^^^^^^
  File "/home/airflow/.local/lib/python3.12/site-packages/airflow/operators/python.py", line 252, in execute_callable
    return self.python_callable(*self.op_args, **self.op_kwargs)
           ^^^^^^^^^^^^^^^^^^^^^^^^^^^^^^^^^^^^^^^^^^^^^^^^^^^^^
  File "/opt/airflow/dags/envioemail.py", line 29, in mi_funcion
    raise ValueError("¡Algo salió mal!")
ValueError: ¡Algo salió mal!
[2024-08-31T16:28:42.383+0000] {taskinstance.py:1206} INFO - Marking task as FAILED. dag_id=simple_dag, task_id=tarea_fallida, run_id=manual__2024-08-31T16:27:32.704103+00:00, execution_date=20240831T162732, start_date=20240831T162842, end_date=20240831T162842
[2024-08-31T16:28:42.443+0000] {base.py:84} INFO - Using connection ID 'smtp_default' for task execution.
[2024-08-31T16:28:42.446+0000] {email.py:271} INFO - Email alerting: attempt 1
[2024-08-31T16:28:43.232+0000] {email.py:282} INFO - Sent an alert email to ['jorgepons90@gmail.com', 'facturasjorgepons@gmail.com']
[2024-08-31T16:28:44.159+0000] {standard_task_runner.py:110} ERROR - Failed to execute job 327 for task tarea_fallida (¡Algo salió mal!; 2212)
[2024-08-31T16:28:44.195+0000] {local_task_job_runner.py:243} INFO - Task exited with return code 1
[2024-08-31T16:28:44.232+0000] {taskinstance.py:3503} INFO - 0 downstream tasks scheduled from follow-on schedule check
[2024-08-31T16:28:44.239+0000] {local_task_job_runner.py:222} INFO - ::endgroup::
