[2024-08-31T17:42:26.977+0000] {local_task_job_runner.py:120} INFO - ::group::Pre task execution logs
[2024-08-31T17:42:27.262+0000] {taskinstance.py:2076} INFO - Dependencies all met for dep_context=non-requeueable deps ti=<TaskInstance: simple_dag.execution_time manual__2024-08-31T16:50:00.890695+00:00 [queued]>
[2024-08-31T17:42:27.287+0000] {taskinstance.py:2076} INFO - Dependencies all met for dep_context=requeueable deps ti=<TaskInstance: simple_dag.execution_time manual__2024-08-31T16:50:00.890695+00:00 [queued]>
[2024-08-31T17:42:27.290+0000] {taskinstance.py:2306} INFO - Starting attempt 10 of 10
[2024-08-31T17:42:27.326+0000] {taskinstance.py:2330} INFO - Executing <Task(PythonOperator): execution_time> on 2024-08-31 16:50:00.890695+00:00
[2024-08-31T17:42:27.337+0000] {warnings.py:112} WARNING - /home/***/.local/lib/python3.12/site-packages/***/task/task_runner/standard_task_runner.py:62: DeprecationWarning: This process (pid=3149) is multi-threaded, use of fork() may lead to deadlocks in the child.
  pid = os.fork()

[2024-08-31T17:42:27.341+0000] {standard_task_runner.py:64} INFO - Started process 3151 to run task
[2024-08-31T17:42:27.343+0000] {standard_task_runner.py:90} INFO - Running: ['***', 'tasks', 'run', 'simple_dag', 'execution_time', 'manual__2024-08-31T16:50:00.890695+00:00', '--job-id', '340', '--raw', '--subdir', 'DAGS_FOLDER/envioemail.py', '--cfg-path', '/tmp/tmphn_cv67k']
[2024-08-31T17:42:27.348+0000] {standard_task_runner.py:91} INFO - Job 340: Subtask execution_time
[2024-08-31T17:42:27.448+0000] {task_command.py:426} INFO - Running <TaskInstance: simple_dag.execution_time manual__2024-08-31T16:50:00.890695+00:00 [running]> on host 19bb8daff211
[2024-08-31T17:42:27.680+0000] {taskinstance.py:2648} INFO - Exporting env vars: AIRFLOW_CTX_DAG_EMAIL='jorgepons90@gmail.com,facturasjorgepons@gmail.com' AIRFLOW_CTX_DAG_OWNER='Jorge Pons' AIRFLOW_CTX_DAG_ID='simple_dag' AIRFLOW_CTX_TASK_ID='execution_time' AIRFLOW_CTX_EXECUTION_DATE='2024-08-31T16:50:00.890695+00:00' AIRFLOW_CTX_TRY_NUMBER='10' AIRFLOW_CTX_DAG_RUN_ID='manual__2024-08-31T16:50:00.890695+00:00'
[2024-08-31T17:42:27.682+0000] {taskinstance.py:430} INFO - ::endgroup::
[2024-08-31T17:42:27.729+0000] {logging_mixin.py:188} INFO - start time************2024-08-31 17:42:27.263731+00:00
[2024-08-31T17:42:27.730+0000] {logging_mixin.py:188} INFO - start time************2024-08-31 17:42:27.724203
[2024-08-31T17:42:27.731+0000] {taskinstance.py:441} INFO - ::group::Post task execution logs
[2024-08-31T17:42:27.732+0000] {taskinstance.py:2905} ERROR - Task failed with exception
Traceback (most recent call last):
  File "/home/airflow/.local/lib/python3.12/site-packages/airflow/models/taskinstance.py", line 465, in _execute_task
    result = _execute_callable(context=context, **execute_callable_kwargs)
             ^^^^^^^^^^^^^^^^^^^^^^^^^^^^^^^^^^^^^^^^^^^^^^^^^^^^^^^^^^^^^
  File "/home/airflow/.local/lib/python3.12/site-packages/airflow/models/taskinstance.py", line 432, in _execute_callable
    return execute_callable(context=context, **execute_callable_kwargs)
           ^^^^^^^^^^^^^^^^^^^^^^^^^^^^^^^^^^^^^^^^^^^^^^^^^^^^^^^^^^^^
  File "/home/airflow/.local/lib/python3.12/site-packages/airflow/models/baseoperator.py", line 401, in wrapper
    return func(self, *args, **kwargs)
           ^^^^^^^^^^^^^^^^^^^^^^^^^^^
  File "/home/airflow/.local/lib/python3.12/site-packages/airflow/operators/python.py", line 235, in execute
    return_value = self.execute_callable()
                   ^^^^^^^^^^^^^^^^^^^^^^^
  File "/home/airflow/.local/lib/python3.12/site-packages/airflow/operators/python.py", line 252, in execute_callable
    return self.python_callable(*self.op_args, **self.op_kwargs)
           ^^^^^^^^^^^^^^^^^^^^^^^^^^^^^^^^^^^^^^^^^^^^^^^^^^^^^
  File "/opt/airflow/dags/funciones.py", line 218, in insertar_tiempo_ejecucion
    print(f'start time************{end_date}')
                ^^^^^^^^^^^^^^^^^^^^^
  File "timestamps.pyx", line 564, in pandas._libs.tslibs.timestamps._Timestamp.__rsub__
  File "timestamps.pyx", line 526, in pandas._libs.tslibs.timestamps._Timestamp.__sub__
TypeError: Cannot subtract tz-naive and tz-aware datetime-like objects.
[2024-08-31T17:42:27.760+0000] {taskinstance.py:1206} INFO - Marking task as FAILED. dag_id=simple_dag, task_id=execution_time, run_id=manual__2024-08-31T16:50:00.890695+00:00, execution_date=20240831T165000, start_date=20240831T174227, end_date=20240831T174227
[2024-08-31T17:42:27.824+0000] {base.py:84} INFO - Using connection ID 'smtp_default' for task execution.
[2024-08-31T17:42:27.826+0000] {email.py:271} INFO - Email alerting: attempt 1
[2024-08-31T17:42:28.319+0000] {email.py:282} INFO - Sent an alert email to ['jorgepons90@gmail.com', 'facturasjorgepons@gmail.com']
[2024-08-31T17:42:29.280+0000] {standard_task_runner.py:110} ERROR - Failed to execute job 340 for task execution_time (Cannot subtract tz-naive and tz-aware datetime-like objects.; 3151)
[2024-08-31T17:42:29.329+0000] {local_task_job_runner.py:243} INFO - Task exited with return code 1
[2024-08-31T17:42:29.354+0000] {taskinstance.py:3503} INFO - 0 downstream tasks scheduled from follow-on schedule check
[2024-08-31T17:42:29.357+0000] {local_task_job_runner.py:222} INFO - ::endgroup::
