[2024-08-31T17:58:42.145+0000] {local_task_job_runner.py:120} INFO - ::group::Pre task execution logs
[2024-08-31T17:58:42.521+0000] {taskinstance.py:2076} INFO - Dependencies all met for dep_context=non-requeueable deps ti=<TaskInstance: simple_dag.execution_time manual__2024-08-31T16:50:00.890695+00:00 [queued]>
[2024-08-31T17:58:42.550+0000] {taskinstance.py:2076} INFO - Dependencies all met for dep_context=requeueable deps ti=<TaskInstance: simple_dag.execution_time manual__2024-08-31T16:50:00.890695+00:00 [queued]>
[2024-08-31T17:58:42.552+0000] {taskinstance.py:2306} INFO - Starting attempt 27 of 28
[2024-08-31T17:58:42.597+0000] {taskinstance.py:2330} INFO - Executing <Task(PythonOperator): execution_time> on 2024-08-31 16:50:00.890695+00:00
[2024-08-31T17:58:42.611+0000] {warnings.py:112} WARNING - /home/***/.local/lib/python3.12/site-packages/***/task/task_runner/standard_task_runner.py:62: DeprecationWarning: This process (pid=3396) is multi-threaded, use of fork() may lead to deadlocks in the child.
  pid = os.fork()

[2024-08-31T17:58:42.615+0000] {standard_task_runner.py:64} INFO - Started process 3398 to run task
[2024-08-31T17:58:42.616+0000] {standard_task_runner.py:90} INFO - Running: ['***', 'tasks', 'run', 'simple_dag', 'execution_time', 'manual__2024-08-31T16:50:00.890695+00:00', '--job-id', '357', '--raw', '--subdir', 'DAGS_FOLDER/envioemail.py', '--cfg-path', '/tmp/tmpcssi_0yn']
[2024-08-31T17:58:42.622+0000] {standard_task_runner.py:91} INFO - Job 357: Subtask execution_time
[2024-08-31T17:58:42.728+0000] {task_command.py:426} INFO - Running <TaskInstance: simple_dag.execution_time manual__2024-08-31T16:50:00.890695+00:00 [running]> on host 19bb8daff211
[2024-08-31T17:58:42.989+0000] {taskinstance.py:2648} INFO - Exporting env vars: AIRFLOW_CTX_DAG_EMAIL='jorgepons90@gmail.com,facturasjorgepons@gmail.com' AIRFLOW_CTX_DAG_OWNER='Jorge Pons' AIRFLOW_CTX_DAG_ID='simple_dag' AIRFLOW_CTX_TASK_ID='execution_time' AIRFLOW_CTX_EXECUTION_DATE='2024-08-31T16:50:00.890695+00:00' AIRFLOW_CTX_TRY_NUMBER='27' AIRFLOW_CTX_DAG_RUN_ID='manual__2024-08-31T16:50:00.890695+00:00'
[2024-08-31T17:58:42.991+0000] {taskinstance.py:430} INFO - ::endgroup::
[2024-08-31T17:58:43.035+0000] {logging_mixin.py:188} INFO - <class 'float'>
[2024-08-31T17:58:43.037+0000] {logging_mixin.py:188} INFO - 0.510931
[2024-08-31T17:58:43.075+0000] {base.py:84} INFO - Using connection ID 'my_mssql_conn_id' for task execution.
[2024-08-31T17:58:43.122+0000] {logging_mixin.py:188} INFO - 1
[2024-08-31T17:58:43.138+0000] {logging_mixin.py:188} INFO - 2
[2024-08-31T17:58:43.143+0000] {python.py:237} INFO - Done. Returned value was: None
[2024-08-31T17:58:43.145+0000] {taskinstance.py:441} INFO - ::group::Post task execution logs
[2024-08-31T17:58:43.168+0000] {taskinstance.py:1206} INFO - Marking task as SUCCESS. dag_id=simple_dag, task_id=execution_time, run_id=manual__2024-08-31T16:50:00.890695+00:00, execution_date=20240831T165000, start_date=20240831T175842, end_date=20240831T175843
[2024-08-31T17:58:43.233+0000] {local_task_job_runner.py:243} INFO - Task exited with return code 0
[2024-08-31T17:58:43.271+0000] {taskinstance.py:3503} INFO - 0 downstream tasks scheduled from follow-on schedule check
[2024-08-31T17:58:43.275+0000] {local_task_job_runner.py:222} INFO - ::endgroup::
