[2024-09-01T08:11:10.058+0000] {local_task_job_runner.py:120} INFO - ::group::Pre task execution logs
[2024-09-01T08:11:10.393+0000] {taskinstance.py:2076} INFO - Dependencies all met for dep_context=non-requeueable deps ti=<TaskInstance: simple_dag.send_email scheduled__2024-08-31T00:00:00+00:00 [queued]>
[2024-09-01T08:11:10.412+0000] {taskinstance.py:2076} INFO - Dependencies all met for dep_context=requeueable deps ti=<TaskInstance: simple_dag.send_email scheduled__2024-08-31T00:00:00+00:00 [queued]>
[2024-09-01T08:11:10.416+0000] {taskinstance.py:2306} INFO - Starting attempt 1 of 2
[2024-09-01T08:11:10.444+0000] {taskinstance.py:2330} INFO - Executing <Task(EmailOperator): send_email> on 2024-08-31 00:00:00+00:00
[2024-09-01T08:11:10.457+0000] {warnings.py:112} WARNING - /home/***/.local/lib/python3.12/site-packages/***/task/task_runner/standard_task_runner.py:62: DeprecationWarning: This process (pid=4394) is multi-threaded, use of fork() may lead to deadlocks in the child.
  pid = os.fork()

[2024-09-01T08:11:10.465+0000] {standard_task_runner.py:64} INFO - Started process 4396 to run task
[2024-09-01T08:11:10.465+0000] {standard_task_runner.py:90} INFO - Running: ['***', 'tasks', 'run', 'simple_dag', 'send_email', 'scheduled__2024-08-31T00:00:00+00:00', '--job-id', '364', '--raw', '--subdir', 'DAGS_FOLDER/envioemail.py', '--cfg-path', '/tmp/tmpb4ij1sil']
[2024-09-01T08:11:10.472+0000] {standard_task_runner.py:91} INFO - Job 364: Subtask send_email
[2024-09-01T08:11:10.574+0000] {task_command.py:426} INFO - Running <TaskInstance: simple_dag.send_email scheduled__2024-08-31T00:00:00+00:00 [running]> on host 19bb8daff211
[2024-09-01T08:11:10.802+0000] {taskinstance.py:2648} INFO - Exporting env vars: AIRFLOW_CTX_DAG_EMAIL='jorgepons90@gmail.com,facturasjorgepons@gmail.com' AIRFLOW_CTX_DAG_OWNER='Jorge Pons' AIRFLOW_CTX_DAG_ID='simple_dag' AIRFLOW_CTX_TASK_ID='send_email' AIRFLOW_CTX_EXECUTION_DATE='2024-08-31T00:00:00+00:00' AIRFLOW_CTX_TRY_NUMBER='1' AIRFLOW_CTX_DAG_RUN_ID='scheduled__2024-08-31T00:00:00+00:00'
[2024-09-01T08:11:10.804+0000] {taskinstance.py:430} INFO - ::endgroup::
[2024-09-01T08:11:10.874+0000] {base.py:84} INFO - Using connection ID 'smtp_default' for task execution.
[2024-09-01T08:11:10.876+0000] {email.py:271} INFO - Email alerting: attempt 1
[2024-09-01T08:11:11.587+0000] {email.py:282} INFO - Sent an alert email to ['algenet4.jpons@gmail.com']
[2024-09-01T08:11:12.460+0000] {taskinstance.py:441} INFO - ::group::Post task execution logs
[2024-09-01T08:11:12.482+0000] {taskinstance.py:1206} INFO - Marking task as SUCCESS. dag_id=simple_dag, task_id=send_email, run_id=scheduled__2024-08-31T00:00:00+00:00, execution_date=20240831T000000, start_date=20240901T081110, end_date=20240901T081112
[2024-09-01T08:11:12.535+0000] {local_task_job_runner.py:243} INFO - Task exited with return code 0
[2024-09-01T08:11:12.575+0000] {taskinstance.py:3503} INFO - 1 downstream tasks scheduled from follow-on schedule check
[2024-09-01T08:11:12.580+0000] {local_task_job_runner.py:222} INFO - ::endgroup::
