[2024-09-01T09:44:45.249+0000] {processor.py:161} INFO - Started process (PID=7931) to work on /opt/airflow/dags/execution_time.py
[2024-09-01T09:44:45.251+0000] {processor.py:830} INFO - Processing file /opt/airflow/dags/execution_time.py for tasks to queue
[2024-09-01T09:44:45.253+0000] {logging_mixin.py:188} INFO - [2024-09-01T09:44:45.252+0000] {dagbag.py:545} INFO - Filling up the DagBag from /opt/airflow/dags/execution_time.py
[2024-09-01T09:44:46.142+0000] {processor.py:842} WARNING - No viable dags retrieved from /opt/airflow/dags/execution_time.py
[2024-09-01T09:44:46.164+0000] {processor.py:183} INFO - Processing /opt/airflow/dags/execution_time.py took 0.925 seconds
[2024-09-01T09:44:51.305+0000] {processor.py:161} INFO - Started process (PID=7933) to work on /opt/airflow/dags/execution_time.py
[2024-09-01T09:44:51.306+0000] {processor.py:830} INFO - Processing file /opt/airflow/dags/execution_time.py for tasks to queue
[2024-09-01T09:44:51.307+0000] {logging_mixin.py:188} INFO - [2024-09-01T09:44:51.307+0000] {dagbag.py:545} INFO - Filling up the DagBag from /opt/airflow/dags/execution_time.py
[2024-09-01T09:44:51.985+0000] {processor.py:842} WARNING - No viable dags retrieved from /opt/airflow/dags/execution_time.py
[2024-09-01T09:44:52.006+0000] {processor.py:183} INFO - Processing /opt/airflow/dags/execution_time.py took 0.709 seconds
[2024-09-01T09:45:22.500+0000] {processor.py:161} INFO - Started process (PID=7943) to work on /opt/airflow/dags/execution_time.py
[2024-09-01T09:45:22.502+0000] {processor.py:830} INFO - Processing file /opt/airflow/dags/execution_time.py for tasks to queue
[2024-09-01T09:45:22.503+0000] {logging_mixin.py:188} INFO - [2024-09-01T09:45:22.503+0000] {dagbag.py:545} INFO - Filling up the DagBag from /opt/airflow/dags/execution_time.py
[2024-09-01T09:45:23.234+0000] {processor.py:842} WARNING - No viable dags retrieved from /opt/airflow/dags/execution_time.py
[2024-09-01T09:45:23.252+0000] {processor.py:183} INFO - Processing /opt/airflow/dags/execution_time.py took 0.762 seconds
[2024-09-01T09:45:53.906+0000] {processor.py:161} INFO - Started process (PID=7952) to work on /opt/airflow/dags/execution_time.py
[2024-09-01T09:45:53.907+0000] {processor.py:830} INFO - Processing file /opt/airflow/dags/execution_time.py for tasks to queue
[2024-09-01T09:45:53.909+0000] {logging_mixin.py:188} INFO - [2024-09-01T09:45:53.908+0000] {dagbag.py:545} INFO - Filling up the DagBag from /opt/airflow/dags/execution_time.py
[2024-09-01T09:45:54.525+0000] {processor.py:842} WARNING - No viable dags retrieved from /opt/airflow/dags/execution_time.py
[2024-09-01T09:45:54.541+0000] {processor.py:183} INFO - Processing /opt/airflow/dags/execution_time.py took 0.642 seconds
[2024-09-01T09:46:01.689+0000] {processor.py:161} INFO - Started process (PID=7954) to work on /opt/airflow/dags/execution_time.py
[2024-09-01T09:46:01.690+0000] {processor.py:830} INFO - Processing file /opt/airflow/dags/execution_time.py for tasks to queue
[2024-09-01T09:46:01.692+0000] {logging_mixin.py:188} INFO - [2024-09-01T09:46:01.691+0000] {dagbag.py:545} INFO - Filling up the DagBag from /opt/airflow/dags/execution_time.py
[2024-09-01T09:46:02.537+0000] {processor.py:842} WARNING - No viable dags retrieved from /opt/airflow/dags/execution_time.py
[2024-09-01T09:46:02.556+0000] {processor.py:183} INFO - Processing /opt/airflow/dags/execution_time.py took 0.876 seconds
[2024-09-01T09:46:33.558+0000] {processor.py:161} INFO - Started process (PID=7964) to work on /opt/airflow/dags/execution_time.py
[2024-09-01T09:46:33.559+0000] {processor.py:830} INFO - Processing file /opt/airflow/dags/execution_time.py for tasks to queue
[2024-09-01T09:46:33.560+0000] {logging_mixin.py:188} INFO - [2024-09-01T09:46:33.560+0000] {dagbag.py:545} INFO - Filling up the DagBag from /opt/airflow/dags/execution_time.py
[2024-09-01T09:46:34.254+0000] {processor.py:842} WARNING - No viable dags retrieved from /opt/airflow/dags/execution_time.py
[2024-09-01T09:46:34.272+0000] {processor.py:183} INFO - Processing /opt/airflow/dags/execution_time.py took 0.723 seconds
[2024-09-01T09:47:04.864+0000] {processor.py:161} INFO - Started process (PID=7975) to work on /opt/airflow/dags/execution_time.py
[2024-09-01T09:47:04.866+0000] {processor.py:830} INFO - Processing file /opt/airflow/dags/execution_time.py for tasks to queue
[2024-09-01T09:47:04.867+0000] {logging_mixin.py:188} INFO - [2024-09-01T09:47:04.867+0000] {dagbag.py:545} INFO - Filling up the DagBag from /opt/airflow/dags/execution_time.py
[2024-09-01T09:47:05.675+0000] {processor.py:842} WARNING - No viable dags retrieved from /opt/airflow/dags/execution_time.py
[2024-09-01T09:47:05.694+0000] {processor.py:183} INFO - Processing /opt/airflow/dags/execution_time.py took 0.839 seconds
