[2024-08-31T07:42:11.879+0000] {local_task_job_runner.py:120} INFO - ::group::Pre task execution logs
[2024-08-31T07:42:12.707+0000] {taskinstance.py:2076} INFO - Dependencies all met for dep_context=non-requeueable deps ti=<TaskInstance: simple_dag.send_email scheduled__2024-08-30T00:00:00+00:00 [queued]>
[2024-08-31T07:42:12.723+0000] {taskinstance.py:2076} INFO - Dependencies all met for dep_context=requeueable deps ti=<TaskInstance: simple_dag.send_email scheduled__2024-08-30T00:00:00+00:00 [queued]>
[2024-08-31T07:42:12.724+0000] {taskinstance.py:2306} INFO - Starting attempt 1 of 2
[2024-08-31T07:42:12.751+0000] {taskinstance.py:2330} INFO - Executing <Task(EmailOperator): send_email> on 2024-08-30 00:00:00+00:00
[2024-08-31T07:42:12.762+0000] {warnings.py:112} WARNING - /home/***/.local/lib/python3.12/site-packages/***/task/task_runner/standard_task_runner.py:62: DeprecationWarning: This process (pid=1994) is multi-threaded, use of fork() may lead to deadlocks in the child.
  pid = os.fork()

[2024-08-31T07:42:12.765+0000] {standard_task_runner.py:64} INFO - Started process 1996 to run task
[2024-08-31T07:42:12.764+0000] {standard_task_runner.py:90} INFO - Running: ['***', 'tasks', 'run', 'simple_dag', 'send_email', 'scheduled__2024-08-30T00:00:00+00:00', '--job-id', '305', '--raw', '--subdir', 'DAGS_FOLDER/envioemail.py', '--cfg-path', '/tmp/tmppewkf8fp']
[2024-08-31T07:42:12.768+0000] {standard_task_runner.py:91} INFO - Job 305: Subtask send_email
[2024-08-31T07:42:12.844+0000] {task_command.py:426} INFO - Running <TaskInstance: simple_dag.send_email scheduled__2024-08-30T00:00:00+00:00 [running]> on host 00cc7a82b56e
[2024-08-31T07:42:13.008+0000] {taskinstance.py:2648} INFO - Exporting env vars: AIRFLOW_CTX_DAG_OWNER='***' AIRFLOW_CTX_DAG_ID='simple_dag' AIRFLOW_CTX_TASK_ID='send_email' AIRFLOW_CTX_EXECUTION_DATE='2024-08-30T00:00:00+00:00' AIRFLOW_CTX_TRY_NUMBER='1' AIRFLOW_CTX_DAG_RUN_ID='scheduled__2024-08-30T00:00:00+00:00'
[2024-08-31T07:42:13.011+0000] {taskinstance.py:430} INFO - ::endgroup::
[2024-08-31T07:42:13.058+0000] {base.py:84} INFO - Using connection ID 'smtp_default' for task execution.
[2024-08-31T07:42:13.060+0000] {email.py:271} INFO - Email alerting: attempt 1
[2024-08-31T07:42:13.671+0000] {email.py:282} INFO - Sent an alert email to ['algenet4.jpons@gmail.com']
[2024-08-31T07:42:14.556+0000] {taskinstance.py:441} INFO - ::group::Post task execution logs
[2024-08-31T07:42:14.573+0000] {taskinstance.py:1206} INFO - Marking task as SUCCESS. dag_id=simple_dag, task_id=send_email, run_id=scheduled__2024-08-30T00:00:00+00:00, execution_date=20240830T000000, start_date=20240831T074212, end_date=20240831T074214
[2024-08-31T07:42:14.633+0000] {local_task_job_runner.py:243} INFO - Task exited with return code 0
[2024-08-31T07:42:14.658+0000] {taskinstance.py:3503} INFO - 0 downstream tasks scheduled from follow-on schedule check
[2024-08-31T07:42:14.662+0000] {local_task_job_runner.py:222} INFO - ::endgroup::
