[2024-09-01T08:56:03.501+0000] {local_task_job_runner.py:120} INFO - ::group::Pre task execution logs
[2024-09-01T08:56:03.852+0000] {taskinstance.py:2076} INFO - Dependencies all met for dep_context=non-requeueable deps ti=<TaskInstance: simple_dag.execution_time manual__2024-09-01T08:41:57.376680+00:00 [queued]>
[2024-09-01T08:56:03.873+0000] {taskinstance.py:2076} INFO - Dependencies all met for dep_context=requeueable deps ti=<TaskInstance: simple_dag.execution_time manual__2024-09-01T08:41:57.376680+00:00 [queued]>
[2024-09-01T08:56:03.876+0000] {taskinstance.py:2306} INFO - Starting attempt 1 of 2
[2024-09-01T08:56:03.907+0000] {taskinstance.py:2330} INFO - Executing <Task(PythonOperator): execution_time> on 2024-09-01 08:41:57.376680+00:00
[2024-09-01T08:56:03.919+0000] {warnings.py:112} WARNING - /home/***/.local/lib/python3.12/site-packages/***/task/task_runner/standard_task_runner.py:62: DeprecationWarning: This process (pid=4975) is multi-threaded, use of fork() may lead to deadlocks in the child.
  pid = os.fork()

[2024-09-01T08:56:03.923+0000] {standard_task_runner.py:64} INFO - Started process 4977 to run task
[2024-09-01T08:56:03.923+0000] {standard_task_runner.py:90} INFO - Running: ['***', 'tasks', 'run', 'simple_dag', 'execution_time', 'manual__2024-09-01T08:41:57.376680+00:00', '--job-id', '370', '--raw', '--subdir', 'DAGS_FOLDER/envioemail.py', '--cfg-path', '/tmp/tmpp3s2zote']
[2024-09-01T08:56:03.929+0000] {standard_task_runner.py:91} INFO - Job 370: Subtask execution_time
[2024-09-01T08:56:04.022+0000] {task_command.py:426} INFO - Running <TaskInstance: simple_dag.execution_time manual__2024-09-01T08:41:57.376680+00:00 [running]> on host 19bb8daff211
[2024-09-01T08:56:04.222+0000] {taskinstance.py:2648} INFO - Exporting env vars: AIRFLOW_CTX_DAG_EMAIL='jorgepons90@gmail.com,facturasjorgepons@gmail.com' AIRFLOW_CTX_DAG_OWNER='Jorge Pons' AIRFLOW_CTX_DAG_ID='simple_dag' AIRFLOW_CTX_TASK_ID='execution_time' AIRFLOW_CTX_EXECUTION_DATE='2024-09-01T08:41:57.376680+00:00' AIRFLOW_CTX_TRY_NUMBER='1' AIRFLOW_CTX_DAG_RUN_ID='manual__2024-09-01T08:41:57.376680+00:00'
[2024-09-01T08:56:04.225+0000] {taskinstance.py:430} INFO - ::endgroup::
[2024-09-01T08:56:04.277+0000] {logging_mixin.py:188} INFO - <class 'float'>
[2024-09-01T08:56:04.278+0000] {logging_mixin.py:188} INFO - 843.256062
[2024-09-01T08:56:04.308+0000] {base.py:84} INFO - Using connection ID 'my_mssql_conn_id' for task execution.
[2024-09-01T08:56:04.358+0000] {logging_mixin.py:188} INFO - 1
[2024-09-01T08:56:04.370+0000] {logging_mixin.py:188} INFO - 2
[2024-09-01T08:56:04.375+0000] {python.py:237} INFO - Done. Returned value was: None
[2024-09-01T08:56:04.377+0000] {taskinstance.py:441} INFO - ::group::Post task execution logs
[2024-09-01T08:56:04.397+0000] {taskinstance.py:1206} INFO - Marking task as SUCCESS. dag_id=simple_dag, task_id=execution_time, run_id=manual__2024-09-01T08:41:57.376680+00:00, execution_date=20240901T084157, start_date=20240901T085603, end_date=20240901T085604
[2024-09-01T08:56:04.461+0000] {local_task_job_runner.py:243} INFO - Task exited with return code 0
[2024-09-01T08:56:04.482+0000] {local_task_job_runner.py:222} INFO - ::endgroup::
