[2024-08-29T15:23:34.262+0000] {local_task_job_runner.py:120} INFO - ::group::Pre task execution logs
[2024-08-29T15:23:35.604+0000] {taskinstance.py:2076} INFO - Dependencies all met for dep_context=non-requeueable deps ti=<TaskInstance: simple_dag.get_data manual__2024-08-29T15:23:31.131306+00:00 [queued]>
[2024-08-29T15:23:35.653+0000] {taskinstance.py:2076} INFO - Dependencies all met for dep_context=requeueable deps ti=<TaskInstance: simple_dag.get_data manual__2024-08-29T15:23:31.131306+00:00 [queued]>
[2024-08-29T15:23:35.657+0000] {taskinstance.py:2306} INFO - Starting attempt 1 of 2
[2024-08-29T15:23:35.713+0000] {taskinstance.py:2330} INFO - Executing <Task(PythonOperator): get_data> on 2024-08-29 15:23:31.131306+00:00
[2024-08-29T15:23:35.736+0000] {warnings.py:112} WARNING - /home/***/.local/lib/python3.12/site-packages/***/task/task_runner/standard_task_runner.py:62: DeprecationWarning: This process (pid=448) is multi-threaded, use of fork() may lead to deadlocks in the child.
  pid = os.fork()

[2024-08-29T15:23:35.737+0000] {standard_task_runner.py:90} INFO - Running: ['***', 'tasks', 'run', 'simple_dag', 'get_data', 'manual__2024-08-29T15:23:31.131306+00:00', '--job-id', '288', '--raw', '--subdir', 'DAGS_FOLDER/envioemail.py', '--cfg-path', '/tmp/tmpunuz45lm']
[2024-08-29T15:23:35.740+0000] {standard_task_runner.py:64} INFO - Started process 457 to run task
[2024-08-29T15:23:35.745+0000] {standard_task_runner.py:91} INFO - Job 288: Subtask get_data
[2024-08-29T15:23:35.859+0000] {task_command.py:426} INFO - Running <TaskInstance: simple_dag.get_data manual__2024-08-29T15:23:31.131306+00:00 [running]> on host 00cc7a82b56e
[2024-08-29T15:23:36.146+0000] {taskinstance.py:2648} INFO - Exporting env vars: AIRFLOW_CTX_DAG_OWNER='***' AIRFLOW_CTX_DAG_ID='simple_dag' AIRFLOW_CTX_TASK_ID='get_data' AIRFLOW_CTX_EXECUTION_DATE='2024-08-29T15:23:31.131306+00:00' AIRFLOW_CTX_TRY_NUMBER='1' AIRFLOW_CTX_DAG_RUN_ID='manual__2024-08-29T15:23:31.131306+00:00'
[2024-08-29T15:23:36.153+0000] {taskinstance.py:430} INFO - ::endgroup::
[2024-08-29T15:23:36.242+0000] {base.py:84} INFO - Using connection ID 'my_mssql_conn_id' for task execution.
[2024-08-29T15:23:57.307+0000] {taskinstance.py:441} INFO - ::group::Post task execution logs
[2024-08-29T15:23:57.312+0000] {taskinstance.py:2905} ERROR - Task failed with exception
Traceback (most recent call last):
  File "src/pymssql/_pymssql.pyx", line 650, in pymssql._pymssql.connect
  File "src/pymssql/_mssql.pyx", line 2155, in pymssql._mssql.connect
  File "src/pymssql/_mssql.pyx", line 712, in pymssql._mssql.MSSQLConnection.__init__
  File "src/pymssql/_mssql.pyx", line 1881, in pymssql._mssql.maybe_raise_MSSQLDatabaseException
  File "src/pymssql/_mssql.pyx", line 1898, in pymssql._mssql.raise_MSSQLDatabaseException
pymssql._mssql.MSSQLDatabaseException: (20009, b'DB-Lib error message 20009, severity 9:\nUnable to connect: Adaptive Server is unavailable or does not exist (192.168.1.143)\nNet-Lib error during Connection refused (111)\nDB-Lib error message 20009, severity 9:\nUnable to connect: Adaptive Server is unavailable or does not exist (192.168.1.143)\nNet-Lib error during Connection refused (111)\n')

During handling of the above exception, another exception occurred:

Traceback (most recent call last):
  File "/home/airflow/.local/lib/python3.12/site-packages/airflow/models/taskinstance.py", line 465, in _execute_task
    result = _execute_callable(context=context, **execute_callable_kwargs)
             ^^^^^^^^^^^^^^^^^^^^^^^^^^^^^^^^^^^^^^^^^^^^^^^^^^^^^^^^^^^^^
  File "/home/airflow/.local/lib/python3.12/site-packages/airflow/models/taskinstance.py", line 432, in _execute_callable
    return execute_callable(context=context, **execute_callable_kwargs)
           ^^^^^^^^^^^^^^^^^^^^^^^^^^^^^^^^^^^^^^^^^^^^^^^^^^^^^^^^^^^^
  File "/home/airflow/.local/lib/python3.12/site-packages/airflow/models/baseoperator.py", line 401, in wrapper
    return func(self, *args, **kwargs)
           ^^^^^^^^^^^^^^^^^^^^^^^^^^^
  File "/home/airflow/.local/lib/python3.12/site-packages/airflow/operators/python.py", line 235, in execute
    return_value = self.execute_callable()
                   ^^^^^^^^^^^^^^^^^^^^^^^
  File "/home/airflow/.local/lib/python3.12/site-packages/airflow/operators/python.py", line 252, in execute_callable
    return self.python_callable(*self.op_args, **self.op_kwargs)
           ^^^^^^^^^^^^^^^^^^^^^^^^^^^^^^^^^^^^^^^^^^^^^^^^^^^^^
  File "/opt/airflow/dags/funciones.py", line 21, in query_mssql
    conn = pymssql.connect(server=host, user=username, password=password, database=database)
           ^^^^^^^^^^^^^^^^^^^^^^^^^^^^^^^^^^^^^^^^^^^^^^^^^^^^^^^^^^^^^^^^^^^^^^^^^^^^^^^^^
  File "src/pymssql/_pymssql.pyx", line 659, in pymssql._pymssql.connect
pymssql.exceptions.OperationalError: (20009, b'DB-Lib error message 20009, severity 9:\nUnable to connect: Adaptive Server is unavailable or does not exist (192.168.1.143)\nNet-Lib error during Connection refused (111)\nDB-Lib error message 20009, severity 9:\nUnable to connect: Adaptive Server is unavailable or does not exist (192.168.1.143)\nNet-Lib error during Connection refused (111)\n')
[2024-08-29T15:23:57.380+0000] {taskinstance.py:1206} INFO - Marking task as UP_FOR_RETRY. dag_id=simple_dag, task_id=get_data, run_id=manual__2024-08-29T15:23:31.131306+00:00, execution_date=20240829T152331, start_date=20240829T152335, end_date=20240829T152357
[2024-08-29T15:23:57.446+0000] {standard_task_runner.py:110} ERROR - Failed to execute job 288 for task get_data ((20009, b'DB-Lib error message 20009, severity 9:\nUnable to connect: Adaptive Server is unavailable or does not exist (192.168.1.143)\nNet-Lib error during Connection refused (111)\nDB-Lib error message 20009, severity 9:\nUnable to connect: Adaptive Server is unavailable or does not exist (192.168.1.143)\nNet-Lib error during Connection refused (111)\n'); 457)
[2024-08-29T15:23:57.511+0000] {local_task_job_runner.py:243} INFO - Task exited with return code 1
[2024-08-29T15:23:57.562+0000] {local_task_job_runner.py:222} INFO - ::endgroup::
