[2024-08-27T11:30:34.207+0000] {processor.py:161} INFO - Started process (PID=101) to work on /opt/airflow/dags/envioemail.py
[2024-08-27T11:30:34.210+0000] {processor.py:830} INFO - Processing file /opt/airflow/dags/envioemail.py for tasks to queue
[2024-08-27T11:30:34.218+0000] {logging_mixin.py:188} INFO - [2024-08-27T11:30:34.216+0000] {dagbag.py:545} INFO - Filling up the DagBag from /opt/airflow/dags/envioemail.py
[2024-08-27T11:30:45.158+0000] {logging_mixin.py:188} WARNING - /opt/airflow/dags/envioemail.py:18 RemovedInAirflow3Warning: Param `schedule_interval` is deprecated and will be removed in a future release. Please use `schedule` instead.
[2024-08-27T11:30:45.305+0000] {processor.py:840} INFO - DAG(s) 'simple_dag' retrieved from /opt/airflow/dags/envioemail.py
[2024-08-27T11:30:46.953+0000] {logging_mixin.py:188} INFO - [2024-08-27T11:30:46.952+0000] {dag.py:3089} INFO - Sync 1 DAGs
[2024-08-27T11:30:47.032+0000] {logging_mixin.py:188} INFO - [2024-08-27T11:30:47.031+0000] {dag.py:3947} INFO - Setting next_dagrun for simple_dag to 2024-08-26 00:00:00+00:00, run_after=2024-08-27 00:00:00+00:00
[2024-08-27T11:30:47.113+0000] {processor.py:183} INFO - Processing /opt/airflow/dags/envioemail.py took 12.933 seconds
[2024-08-27T11:31:17.345+0000] {processor.py:161} INFO - Started process (PID=118) to work on /opt/airflow/dags/envioemail.py
[2024-08-27T11:31:17.348+0000] {processor.py:830} INFO - Processing file /opt/airflow/dags/envioemail.py for tasks to queue
[2024-08-27T11:31:17.353+0000] {logging_mixin.py:188} INFO - [2024-08-27T11:31:17.352+0000] {dagbag.py:545} INFO - Filling up the DagBag from /opt/airflow/dags/envioemail.py
[2024-08-27T11:31:20.182+0000] {logging_mixin.py:188} WARNING - /opt/airflow/dags/envioemail.py:18 RemovedInAirflow3Warning: Param `schedule_interval` is deprecated and will be removed in a future release. Please use `schedule` instead.
[2024-08-27T11:31:20.237+0000] {processor.py:840} INFO - DAG(s) 'simple_dag' retrieved from /opt/airflow/dags/envioemail.py
[2024-08-27T11:31:20.443+0000] {logging_mixin.py:188} INFO - [2024-08-27T11:31:20.439+0000] {dag.py:3089} INFO - Sync 1 DAGs
[2024-08-27T11:31:20.634+0000] {logging_mixin.py:188} INFO - [2024-08-27T11:31:20.633+0000] {dag.py:3947} INFO - Setting next_dagrun for simple_dag to 2024-08-27 00:00:00+00:00, run_after=2024-08-28 00:00:00+00:00
[2024-08-27T11:31:20.772+0000] {processor.py:183} INFO - Processing /opt/airflow/dags/envioemail.py took 3.445 seconds
[2024-08-27T11:31:51.965+0000] {processor.py:161} INFO - Started process (PID=127) to work on /opt/airflow/dags/envioemail.py
[2024-08-27T11:31:51.969+0000] {processor.py:830} INFO - Processing file /opt/airflow/dags/envioemail.py for tasks to queue
[2024-08-27T11:31:51.980+0000] {logging_mixin.py:188} INFO - [2024-08-27T11:31:51.978+0000] {dagbag.py:545} INFO - Filling up the DagBag from /opt/airflow/dags/envioemail.py
[2024-08-27T11:31:56.334+0000] {logging_mixin.py:188} WARNING - /opt/airflow/dags/envioemail.py:18 RemovedInAirflow3Warning: Param `schedule_interval` is deprecated and will be removed in a future release. Please use `schedule` instead.
[2024-08-27T11:31:56.386+0000] {processor.py:840} INFO - DAG(s) 'simple_dag' retrieved from /opt/airflow/dags/envioemail.py
[2024-08-27T11:31:56.584+0000] {logging_mixin.py:188} INFO - [2024-08-27T11:31:56.578+0000] {dag.py:3089} INFO - Sync 1 DAGs
[2024-08-27T11:31:56.739+0000] {logging_mixin.py:188} INFO - [2024-08-27T11:31:56.738+0000] {dag.py:3947} INFO - Setting next_dagrun for simple_dag to 2024-08-27 00:00:00+00:00, run_after=2024-08-28 00:00:00+00:00
[2024-08-27T11:31:56.895+0000] {processor.py:183} INFO - Processing /opt/airflow/dags/envioemail.py took 5.022 seconds
[2024-08-27T11:32:27.434+0000] {processor.py:161} INFO - Started process (PID=141) to work on /opt/airflow/dags/envioemail.py
[2024-08-27T11:32:27.436+0000] {processor.py:830} INFO - Processing file /opt/airflow/dags/envioemail.py for tasks to queue
[2024-08-27T11:32:27.451+0000] {logging_mixin.py:188} INFO - [2024-08-27T11:32:27.450+0000] {dagbag.py:545} INFO - Filling up the DagBag from /opt/airflow/dags/envioemail.py
[2024-08-27T11:32:28.896+0000] {logging_mixin.py:188} WARNING - /opt/airflow/dags/envioemail.py:18 RemovedInAirflow3Warning: Param `schedule_interval` is deprecated and will be removed in a future release. Please use `schedule` instead.
[2024-08-27T11:32:28.912+0000] {processor.py:840} INFO - DAG(s) 'simple_dag' retrieved from /opt/airflow/dags/envioemail.py
[2024-08-27T11:32:28.960+0000] {logging_mixin.py:188} INFO - [2024-08-27T11:32:28.959+0000] {dag.py:3089} INFO - Sync 1 DAGs
[2024-08-27T11:32:29.012+0000] {logging_mixin.py:188} INFO - [2024-08-27T11:32:29.012+0000] {dag.py:3947} INFO - Setting next_dagrun for simple_dag to 2024-08-27 00:00:00+00:00, run_after=2024-08-28 00:00:00+00:00
[2024-08-27T11:32:29.054+0000] {processor.py:183} INFO - Processing /opt/airflow/dags/envioemail.py took 1.629 seconds
[2024-08-27T11:32:59.642+0000] {processor.py:161} INFO - Started process (PID=149) to work on /opt/airflow/dags/envioemail.py
[2024-08-27T11:32:59.651+0000] {processor.py:830} INFO - Processing file /opt/airflow/dags/envioemail.py for tasks to queue
[2024-08-27T11:32:59.666+0000] {logging_mixin.py:188} INFO - [2024-08-27T11:32:59.663+0000] {dagbag.py:545} INFO - Filling up the DagBag from /opt/airflow/dags/envioemail.py
[2024-08-27T11:33:01.824+0000] {logging_mixin.py:188} WARNING - /opt/airflow/dags/envioemail.py:18 RemovedInAirflow3Warning: Param `schedule_interval` is deprecated and will be removed in a future release. Please use `schedule` instead.
[2024-08-27T11:33:01.834+0000] {processor.py:840} INFO - DAG(s) 'simple_dag' retrieved from /opt/airflow/dags/envioemail.py
[2024-08-27T11:33:01.865+0000] {logging_mixin.py:188} INFO - [2024-08-27T11:33:01.864+0000] {dag.py:3089} INFO - Sync 1 DAGs
[2024-08-27T11:33:01.898+0000] {logging_mixin.py:188} INFO - [2024-08-27T11:33:01.898+0000] {dag.py:3947} INFO - Setting next_dagrun for simple_dag to 2024-08-27 00:00:00+00:00, run_after=2024-08-28 00:00:00+00:00
[2024-08-27T11:33:01.933+0000] {processor.py:183} INFO - Processing /opt/airflow/dags/envioemail.py took 2.338 seconds
[2024-08-27T11:33:32.565+0000] {processor.py:161} INFO - Started process (PID=157) to work on /opt/airflow/dags/envioemail.py
[2024-08-27T11:33:32.569+0000] {processor.py:830} INFO - Processing file /opt/airflow/dags/envioemail.py for tasks to queue
[2024-08-27T11:33:32.582+0000] {logging_mixin.py:188} INFO - [2024-08-27T11:33:32.580+0000] {dagbag.py:545} INFO - Filling up the DagBag from /opt/airflow/dags/envioemail.py
[2024-08-27T11:33:35.191+0000] {logging_mixin.py:188} WARNING - /opt/airflow/dags/envioemail.py:18 RemovedInAirflow3Warning: Param `schedule_interval` is deprecated and will be removed in a future release. Please use `schedule` instead.
[2024-08-27T11:33:35.236+0000] {processor.py:840} INFO - DAG(s) 'simple_dag' retrieved from /opt/airflow/dags/envioemail.py
[2024-08-27T11:33:35.344+0000] {logging_mixin.py:188} INFO - [2024-08-27T11:33:35.342+0000] {dag.py:3089} INFO - Sync 1 DAGs
[2024-08-27T11:33:35.419+0000] {logging_mixin.py:188} INFO - [2024-08-27T11:33:35.418+0000] {dag.py:3947} INFO - Setting next_dagrun for simple_dag to 2024-08-27 00:00:00+00:00, run_after=2024-08-28 00:00:00+00:00
[2024-08-27T11:33:35.504+0000] {processor.py:183} INFO - Processing /opt/airflow/dags/envioemail.py took 2.976 seconds
[2024-08-27T11:34:05.884+0000] {processor.py:161} INFO - Started process (PID=165) to work on /opt/airflow/dags/envioemail.py
[2024-08-27T11:34:05.888+0000] {processor.py:830} INFO - Processing file /opt/airflow/dags/envioemail.py for tasks to queue
[2024-08-27T11:34:05.894+0000] {logging_mixin.py:188} INFO - [2024-08-27T11:34:05.893+0000] {dagbag.py:545} INFO - Filling up the DagBag from /opt/airflow/dags/envioemail.py
[2024-08-27T11:34:06.995+0000] {logging_mixin.py:188} WARNING - /opt/airflow/dags/envioemail.py:18 RemovedInAirflow3Warning: Param `schedule_interval` is deprecated and will be removed in a future release. Please use `schedule` instead.
[2024-08-27T11:34:07.012+0000] {processor.py:840} INFO - DAG(s) 'simple_dag' retrieved from /opt/airflow/dags/envioemail.py
[2024-08-27T11:34:07.077+0000] {logging_mixin.py:188} INFO - [2024-08-27T11:34:07.075+0000] {dag.py:3089} INFO - Sync 1 DAGs
[2024-08-27T11:34:07.137+0000] {logging_mixin.py:188} INFO - [2024-08-27T11:34:07.136+0000] {dag.py:3947} INFO - Setting next_dagrun for simple_dag to 2024-08-27 00:00:00+00:00, run_after=2024-08-28 00:00:00+00:00
[2024-08-27T11:34:07.189+0000] {processor.py:183} INFO - Processing /opt/airflow/dags/envioemail.py took 1.324 seconds
[2024-08-27T11:34:37.364+0000] {processor.py:161} INFO - Started process (PID=173) to work on /opt/airflow/dags/envioemail.py
[2024-08-27T11:34:37.366+0000] {processor.py:830} INFO - Processing file /opt/airflow/dags/envioemail.py for tasks to queue
[2024-08-27T11:34:37.369+0000] {logging_mixin.py:188} INFO - [2024-08-27T11:34:37.369+0000] {dagbag.py:545} INFO - Filling up the DagBag from /opt/airflow/dags/envioemail.py
[2024-08-27T11:34:38.209+0000] {logging_mixin.py:188} WARNING - /opt/airflow/dags/envioemail.py:18 RemovedInAirflow3Warning: Param `schedule_interval` is deprecated and will be removed in a future release. Please use `schedule` instead.
[2024-08-27T11:34:38.221+0000] {processor.py:840} INFO - DAG(s) 'simple_dag' retrieved from /opt/airflow/dags/envioemail.py
[2024-08-27T11:34:38.266+0000] {logging_mixin.py:188} INFO - [2024-08-27T11:34:38.265+0000] {dag.py:3089} INFO - Sync 1 DAGs
[2024-08-27T11:34:38.297+0000] {logging_mixin.py:188} INFO - [2024-08-27T11:34:38.297+0000] {dag.py:3947} INFO - Setting next_dagrun for simple_dag to 2024-08-27 00:00:00+00:00, run_after=2024-08-28 00:00:00+00:00
[2024-08-27T11:34:38.329+0000] {processor.py:183} INFO - Processing /opt/airflow/dags/envioemail.py took 0.973 seconds
[2024-08-27T11:35:08.785+0000] {processor.py:161} INFO - Started process (PID=181) to work on /opt/airflow/dags/envioemail.py
[2024-08-27T11:35:08.787+0000] {processor.py:830} INFO - Processing file /opt/airflow/dags/envioemail.py for tasks to queue
[2024-08-27T11:35:08.791+0000] {logging_mixin.py:188} INFO - [2024-08-27T11:35:08.791+0000] {dagbag.py:545} INFO - Filling up the DagBag from /opt/airflow/dags/envioemail.py
[2024-08-27T11:35:09.516+0000] {logging_mixin.py:188} WARNING - /opt/airflow/dags/envioemail.py:18 RemovedInAirflow3Warning: Param `schedule_interval` is deprecated and will be removed in a future release. Please use `schedule` instead.
[2024-08-27T11:35:09.526+0000] {processor.py:840} INFO - DAG(s) 'simple_dag' retrieved from /opt/airflow/dags/envioemail.py
[2024-08-27T11:35:09.564+0000] {logging_mixin.py:188} INFO - [2024-08-27T11:35:09.563+0000] {dag.py:3089} INFO - Sync 1 DAGs
[2024-08-27T11:35:09.606+0000] {logging_mixin.py:188} INFO - [2024-08-27T11:35:09.606+0000] {dag.py:3947} INFO - Setting next_dagrun for simple_dag to 2024-08-27 00:00:00+00:00, run_after=2024-08-28 00:00:00+00:00
[2024-08-27T11:35:09.653+0000] {processor.py:183} INFO - Processing /opt/airflow/dags/envioemail.py took 0.880 seconds
[2024-08-27T11:35:40.535+0000] {processor.py:161} INFO - Started process (PID=189) to work on /opt/airflow/dags/envioemail.py
[2024-08-27T11:35:40.537+0000] {processor.py:830} INFO - Processing file /opt/airflow/dags/envioemail.py for tasks to queue
[2024-08-27T11:35:40.542+0000] {logging_mixin.py:188} INFO - [2024-08-27T11:35:40.541+0000] {dagbag.py:545} INFO - Filling up the DagBag from /opt/airflow/dags/envioemail.py
[2024-08-27T11:35:41.352+0000] {logging_mixin.py:188} WARNING - /opt/airflow/dags/envioemail.py:18 RemovedInAirflow3Warning: Param `schedule_interval` is deprecated and will be removed in a future release. Please use `schedule` instead.
[2024-08-27T11:35:41.367+0000] {processor.py:840} INFO - DAG(s) 'simple_dag' retrieved from /opt/airflow/dags/envioemail.py
[2024-08-27T11:35:41.402+0000] {logging_mixin.py:188} INFO - [2024-08-27T11:35:41.402+0000] {dag.py:3089} INFO - Sync 1 DAGs
[2024-08-27T11:35:41.430+0000] {logging_mixin.py:188} INFO - [2024-08-27T11:35:41.430+0000] {dag.py:3947} INFO - Setting next_dagrun for simple_dag to 2024-08-27 00:00:00+00:00, run_after=2024-08-28 00:00:00+00:00
[2024-08-27T11:35:41.459+0000] {processor.py:183} INFO - Processing /opt/airflow/dags/envioemail.py took 0.935 seconds
[2024-08-27T11:36:11.954+0000] {processor.py:161} INFO - Started process (PID=197) to work on /opt/airflow/dags/envioemail.py
[2024-08-27T11:36:11.956+0000] {processor.py:830} INFO - Processing file /opt/airflow/dags/envioemail.py for tasks to queue
[2024-08-27T11:36:11.961+0000] {logging_mixin.py:188} INFO - [2024-08-27T11:36:11.960+0000] {dagbag.py:545} INFO - Filling up the DagBag from /opt/airflow/dags/envioemail.py
[2024-08-27T11:36:12.806+0000] {logging_mixin.py:188} WARNING - /opt/airflow/dags/envioemail.py:18 RemovedInAirflow3Warning: Param `schedule_interval` is deprecated and will be removed in a future release. Please use `schedule` instead.
[2024-08-27T11:36:12.819+0000] {processor.py:840} INFO - DAG(s) 'simple_dag' retrieved from /opt/airflow/dags/envioemail.py
[2024-08-27T11:36:12.853+0000] {logging_mixin.py:188} INFO - [2024-08-27T11:36:12.852+0000] {dag.py:3089} INFO - Sync 1 DAGs
[2024-08-27T11:36:12.882+0000] {logging_mixin.py:188} INFO - [2024-08-27T11:36:12.882+0000] {dag.py:3947} INFO - Setting next_dagrun for simple_dag to 2024-08-27 00:00:00+00:00, run_after=2024-08-28 00:00:00+00:00
[2024-08-27T11:36:12.913+0000] {processor.py:183} INFO - Processing /opt/airflow/dags/envioemail.py took 0.967 seconds
[2024-08-27T11:36:43.523+0000] {processor.py:161} INFO - Started process (PID=205) to work on /opt/airflow/dags/envioemail.py
[2024-08-27T11:36:43.526+0000] {processor.py:830} INFO - Processing file /opt/airflow/dags/envioemail.py for tasks to queue
[2024-08-27T11:36:43.532+0000] {logging_mixin.py:188} INFO - [2024-08-27T11:36:43.531+0000] {dagbag.py:545} INFO - Filling up the DagBag from /opt/airflow/dags/envioemail.py
[2024-08-27T11:36:44.363+0000] {logging_mixin.py:188} WARNING - /opt/airflow/dags/envioemail.py:18 RemovedInAirflow3Warning: Param `schedule_interval` is deprecated and will be removed in a future release. Please use `schedule` instead.
[2024-08-27T11:36:44.380+0000] {processor.py:840} INFO - DAG(s) 'simple_dag' retrieved from /opt/airflow/dags/envioemail.py
[2024-08-27T11:36:44.418+0000] {logging_mixin.py:188} INFO - [2024-08-27T11:36:44.417+0000] {dag.py:3089} INFO - Sync 1 DAGs
[2024-08-27T11:36:44.447+0000] {logging_mixin.py:188} INFO - [2024-08-27T11:36:44.447+0000] {dag.py:3947} INFO - Setting next_dagrun for simple_dag to 2024-08-27 00:00:00+00:00, run_after=2024-08-28 00:00:00+00:00
[2024-08-27T11:36:44.479+0000] {processor.py:183} INFO - Processing /opt/airflow/dags/envioemail.py took 0.968 seconds
[2024-08-27T11:37:14.989+0000] {processor.py:161} INFO - Started process (PID=214) to work on /opt/airflow/dags/envioemail.py
[2024-08-27T11:37:14.991+0000] {processor.py:830} INFO - Processing file /opt/airflow/dags/envioemail.py for tasks to queue
[2024-08-27T11:37:14.996+0000] {logging_mixin.py:188} INFO - [2024-08-27T11:37:14.996+0000] {dagbag.py:545} INFO - Filling up the DagBag from /opt/airflow/dags/envioemail.py
[2024-08-27T11:37:15.740+0000] {logging_mixin.py:188} WARNING - /opt/airflow/dags/envioemail.py:18 RemovedInAirflow3Warning: Param `schedule_interval` is deprecated and will be removed in a future release. Please use `schedule` instead.
[2024-08-27T11:37:15.750+0000] {processor.py:840} INFO - DAG(s) 'simple_dag' retrieved from /opt/airflow/dags/envioemail.py
[2024-08-27T11:37:15.810+0000] {logging_mixin.py:188} INFO - [2024-08-27T11:37:15.809+0000] {dag.py:3089} INFO - Sync 1 DAGs
[2024-08-27T11:37:15.850+0000] {logging_mixin.py:188} INFO - [2024-08-27T11:37:15.849+0000] {dag.py:3947} INFO - Setting next_dagrun for simple_dag to 2024-08-27 00:00:00+00:00, run_after=2024-08-28 00:00:00+00:00
[2024-08-27T11:37:15.880+0000] {processor.py:183} INFO - Processing /opt/airflow/dags/envioemail.py took 0.903 seconds
[2024-08-27T11:37:46.534+0000] {processor.py:161} INFO - Started process (PID=222) to work on /opt/airflow/dags/envioemail.py
[2024-08-27T11:37:46.538+0000] {processor.py:830} INFO - Processing file /opt/airflow/dags/envioemail.py for tasks to queue
[2024-08-27T11:37:46.549+0000] {logging_mixin.py:188} INFO - [2024-08-27T11:37:46.547+0000] {dagbag.py:545} INFO - Filling up the DagBag from /opt/airflow/dags/envioemail.py
[2024-08-27T11:37:47.503+0000] {logging_mixin.py:188} WARNING - /opt/airflow/dags/envioemail.py:18 RemovedInAirflow3Warning: Param `schedule_interval` is deprecated and will be removed in a future release. Please use `schedule` instead.
[2024-08-27T11:37:47.519+0000] {processor.py:840} INFO - DAG(s) 'simple_dag' retrieved from /opt/airflow/dags/envioemail.py
[2024-08-27T11:37:47.570+0000] {logging_mixin.py:188} INFO - [2024-08-27T11:37:47.569+0000] {dag.py:3089} INFO - Sync 1 DAGs
[2024-08-27T11:37:47.603+0000] {logging_mixin.py:188} INFO - [2024-08-27T11:37:47.603+0000] {dag.py:3947} INFO - Setting next_dagrun for simple_dag to 2024-08-27 00:00:00+00:00, run_after=2024-08-28 00:00:00+00:00
[2024-08-27T11:37:47.636+0000] {processor.py:183} INFO - Processing /opt/airflow/dags/envioemail.py took 1.124 seconds
[2024-08-27T11:38:17.926+0000] {processor.py:161} INFO - Started process (PID=230) to work on /opt/airflow/dags/envioemail.py
[2024-08-27T11:38:17.928+0000] {processor.py:830} INFO - Processing file /opt/airflow/dags/envioemail.py for tasks to queue
[2024-08-27T11:38:17.932+0000] {logging_mixin.py:188} INFO - [2024-08-27T11:38:17.931+0000] {dagbag.py:545} INFO - Filling up the DagBag from /opt/airflow/dags/envioemail.py
[2024-08-27T11:38:18.647+0000] {logging_mixin.py:188} WARNING - /opt/airflow/dags/envioemail.py:18 RemovedInAirflow3Warning: Param `schedule_interval` is deprecated and will be removed in a future release. Please use `schedule` instead.
[2024-08-27T11:38:18.656+0000] {processor.py:840} INFO - DAG(s) 'simple_dag' retrieved from /opt/airflow/dags/envioemail.py
[2024-08-27T11:38:18.691+0000] {logging_mixin.py:188} INFO - [2024-08-27T11:38:18.690+0000] {dag.py:3089} INFO - Sync 1 DAGs
[2024-08-27T11:38:18.718+0000] {logging_mixin.py:188} INFO - [2024-08-27T11:38:18.718+0000] {dag.py:3947} INFO - Setting next_dagrun for simple_dag to 2024-08-27 00:00:00+00:00, run_after=2024-08-28 00:00:00+00:00
[2024-08-27T11:38:18.748+0000] {processor.py:183} INFO - Processing /opt/airflow/dags/envioemail.py took 0.835 seconds
[2024-08-27T11:38:49.168+0000] {processor.py:161} INFO - Started process (PID=238) to work on /opt/airflow/dags/envioemail.py
[2024-08-27T11:38:49.169+0000] {processor.py:830} INFO - Processing file /opt/airflow/dags/envioemail.py for tasks to queue
[2024-08-27T11:38:49.172+0000] {logging_mixin.py:188} INFO - [2024-08-27T11:38:49.171+0000] {dagbag.py:545} INFO - Filling up the DagBag from /opt/airflow/dags/envioemail.py
[2024-08-27T11:38:49.991+0000] {logging_mixin.py:188} WARNING - /opt/airflow/dags/envioemail.py:18 RemovedInAirflow3Warning: Param `schedule_interval` is deprecated and will be removed in a future release. Please use `schedule` instead.
[2024-08-27T11:38:50.000+0000] {processor.py:840} INFO - DAG(s) 'simple_dag' retrieved from /opt/airflow/dags/envioemail.py
[2024-08-27T11:38:50.033+0000] {logging_mixin.py:188} INFO - [2024-08-27T11:38:50.032+0000] {dag.py:3089} INFO - Sync 1 DAGs
[2024-08-27T11:38:50.068+0000] {logging_mixin.py:188} INFO - [2024-08-27T11:38:50.068+0000] {dag.py:3947} INFO - Setting next_dagrun for simple_dag to 2024-08-27 00:00:00+00:00, run_after=2024-08-28 00:00:00+00:00
[2024-08-27T11:38:50.113+0000] {processor.py:183} INFO - Processing /opt/airflow/dags/envioemail.py took 0.953 seconds
[2024-08-27T11:39:20.581+0000] {processor.py:161} INFO - Started process (PID=246) to work on /opt/airflow/dags/envioemail.py
[2024-08-27T11:39:20.583+0000] {processor.py:830} INFO - Processing file /opt/airflow/dags/envioemail.py for tasks to queue
[2024-08-27T11:39:20.585+0000] {logging_mixin.py:188} INFO - [2024-08-27T11:39:20.585+0000] {dagbag.py:545} INFO - Filling up the DagBag from /opt/airflow/dags/envioemail.py
[2024-08-27T11:39:21.360+0000] {logging_mixin.py:188} WARNING - /opt/airflow/dags/envioemail.py:18 RemovedInAirflow3Warning: Param `schedule_interval` is deprecated and will be removed in a future release. Please use `schedule` instead.
[2024-08-27T11:39:21.371+0000] {processor.py:840} INFO - DAG(s) 'simple_dag' retrieved from /opt/airflow/dags/envioemail.py
[2024-08-27T11:39:21.412+0000] {logging_mixin.py:188} INFO - [2024-08-27T11:39:21.412+0000] {dag.py:3089} INFO - Sync 1 DAGs
[2024-08-27T11:39:21.446+0000] {logging_mixin.py:188} INFO - [2024-08-27T11:39:21.446+0000] {dag.py:3947} INFO - Setting next_dagrun for simple_dag to 2024-08-27 00:00:00+00:00, run_after=2024-08-28 00:00:00+00:00
[2024-08-27T11:39:21.479+0000] {processor.py:183} INFO - Processing /opt/airflow/dags/envioemail.py took 0.906 seconds
[2024-08-27T11:39:52.007+0000] {processor.py:161} INFO - Started process (PID=254) to work on /opt/airflow/dags/envioemail.py
[2024-08-27T11:39:52.009+0000] {processor.py:830} INFO - Processing file /opt/airflow/dags/envioemail.py for tasks to queue
[2024-08-27T11:39:52.013+0000] {logging_mixin.py:188} INFO - [2024-08-27T11:39:52.012+0000] {dagbag.py:545} INFO - Filling up the DagBag from /opt/airflow/dags/envioemail.py
[2024-08-27T11:39:52.685+0000] {logging_mixin.py:188} WARNING - /opt/airflow/dags/envioemail.py:18 RemovedInAirflow3Warning: Param `schedule_interval` is deprecated and will be removed in a future release. Please use `schedule` instead.
[2024-08-27T11:39:52.696+0000] {processor.py:840} INFO - DAG(s) 'simple_dag' retrieved from /opt/airflow/dags/envioemail.py
[2024-08-27T11:39:52.732+0000] {logging_mixin.py:188} INFO - [2024-08-27T11:39:52.731+0000] {dag.py:3089} INFO - Sync 1 DAGs
[2024-08-27T11:39:52.765+0000] {logging_mixin.py:188} INFO - [2024-08-27T11:39:52.765+0000] {dag.py:3947} INFO - Setting next_dagrun for simple_dag to 2024-08-27 00:00:00+00:00, run_after=2024-08-28 00:00:00+00:00
[2024-08-27T11:39:52.799+0000] {processor.py:183} INFO - Processing /opt/airflow/dags/envioemail.py took 0.805 seconds
[2024-08-27T11:40:23.189+0000] {processor.py:161} INFO - Started process (PID=262) to work on /opt/airflow/dags/envioemail.py
[2024-08-27T11:40:23.190+0000] {processor.py:830} INFO - Processing file /opt/airflow/dags/envioemail.py for tasks to queue
[2024-08-27T11:40:23.193+0000] {logging_mixin.py:188} INFO - [2024-08-27T11:40:23.192+0000] {dagbag.py:545} INFO - Filling up the DagBag from /opt/airflow/dags/envioemail.py
[2024-08-27T11:40:23.952+0000] {logging_mixin.py:188} WARNING - /opt/airflow/dags/envioemail.py:18 RemovedInAirflow3Warning: Param `schedule_interval` is deprecated and will be removed in a future release. Please use `schedule` instead.
[2024-08-27T11:40:23.966+0000] {processor.py:840} INFO - DAG(s) 'simple_dag' retrieved from /opt/airflow/dags/envioemail.py
[2024-08-27T11:40:24.003+0000] {logging_mixin.py:188} INFO - [2024-08-27T11:40:24.002+0000] {dag.py:3089} INFO - Sync 1 DAGs
[2024-08-27T11:40:24.041+0000] {logging_mixin.py:188} INFO - [2024-08-27T11:40:24.041+0000] {dag.py:3947} INFO - Setting next_dagrun for simple_dag to 2024-08-27 00:00:00+00:00, run_after=2024-08-28 00:00:00+00:00
[2024-08-27T11:40:24.078+0000] {processor.py:183} INFO - Processing /opt/airflow/dags/envioemail.py took 0.896 seconds
[2024-08-27T11:40:54.727+0000] {processor.py:161} INFO - Started process (PID=270) to work on /opt/airflow/dags/envioemail.py
[2024-08-27T11:40:54.729+0000] {processor.py:830} INFO - Processing file /opt/airflow/dags/envioemail.py for tasks to queue
[2024-08-27T11:40:54.733+0000] {logging_mixin.py:188} INFO - [2024-08-27T11:40:54.732+0000] {dagbag.py:545} INFO - Filling up the DagBag from /opt/airflow/dags/envioemail.py
[2024-08-27T11:40:55.479+0000] {logging_mixin.py:188} WARNING - /opt/airflow/dags/envioemail.py:18 RemovedInAirflow3Warning: Param `schedule_interval` is deprecated and will be removed in a future release. Please use `schedule` instead.
[2024-08-27T11:40:55.488+0000] {processor.py:840} INFO - DAG(s) 'simple_dag' retrieved from /opt/airflow/dags/envioemail.py
[2024-08-27T11:40:55.531+0000] {logging_mixin.py:188} INFO - [2024-08-27T11:40:55.531+0000] {dag.py:3089} INFO - Sync 1 DAGs
[2024-08-27T11:40:55.558+0000] {logging_mixin.py:188} INFO - [2024-08-27T11:40:55.558+0000] {dag.py:3947} INFO - Setting next_dagrun for simple_dag to 2024-08-27 00:00:00+00:00, run_after=2024-08-28 00:00:00+00:00
[2024-08-27T11:40:55.589+0000] {processor.py:183} INFO - Processing /opt/airflow/dags/envioemail.py took 0.875 seconds
[2024-08-27T11:47:13.088+0000] {processor.py:161} INFO - Started process (PID=94) to work on /opt/airflow/dags/envioemail.py
[2024-08-27T11:47:13.093+0000] {processor.py:830} INFO - Processing file /opt/airflow/dags/envioemail.py for tasks to queue
[2024-08-27T11:47:13.106+0000] {logging_mixin.py:188} INFO - [2024-08-27T11:47:13.102+0000] {dagbag.py:545} INFO - Filling up the DagBag from /opt/airflow/dags/envioemail.py
[2024-08-27T11:47:19.460+0000] {logging_mixin.py:188} WARNING - /opt/airflow/dags/envioemail.py:18 RemovedInAirflow3Warning: Param `schedule_interval` is deprecated and will be removed in a future release. Please use `schedule` instead.
[2024-08-27T11:47:19.507+0000] {processor.py:840} INFO - DAG(s) 'simple_dag' retrieved from /opt/airflow/dags/envioemail.py
[2024-08-27T11:47:20.088+0000] {logging_mixin.py:188} INFO - [2024-08-27T11:47:20.087+0000] {dag.py:3089} INFO - Sync 1 DAGs
[2024-08-27T11:47:20.134+0000] {logging_mixin.py:188} INFO - [2024-08-27T11:47:20.133+0000] {dag.py:3947} INFO - Setting next_dagrun for simple_dag to 2024-08-27 00:00:00+00:00, run_after=2024-08-28 00:00:00+00:00
[2024-08-27T11:47:20.178+0000] {processor.py:183} INFO - Processing /opt/airflow/dags/envioemail.py took 7.114 seconds
[2024-08-27T11:47:50.531+0000] {processor.py:161} INFO - Started process (PID=102) to work on /opt/airflow/dags/envioemail.py
[2024-08-27T11:47:50.538+0000] {processor.py:830} INFO - Processing file /opt/airflow/dags/envioemail.py for tasks to queue
[2024-08-27T11:47:50.550+0000] {logging_mixin.py:188} INFO - [2024-08-27T11:47:50.549+0000] {dagbag.py:545} INFO - Filling up the DagBag from /opt/airflow/dags/envioemail.py
[2024-08-27T11:47:52.220+0000] {logging_mixin.py:188} WARNING - /opt/airflow/dags/envioemail.py:18 RemovedInAirflow3Warning: Param `schedule_interval` is deprecated and will be removed in a future release. Please use `schedule` instead.
[2024-08-27T11:47:52.232+0000] {processor.py:840} INFO - DAG(s) 'simple_dag' retrieved from /opt/airflow/dags/envioemail.py
[2024-08-27T11:47:52.280+0000] {logging_mixin.py:188} INFO - [2024-08-27T11:47:52.279+0000] {dag.py:3089} INFO - Sync 1 DAGs
[2024-08-27T11:47:52.329+0000] {logging_mixin.py:188} INFO - [2024-08-27T11:47:52.328+0000] {dag.py:3947} INFO - Setting next_dagrun for simple_dag to 2024-08-27 00:00:00+00:00, run_after=2024-08-28 00:00:00+00:00
[2024-08-27T11:47:52.370+0000] {processor.py:183} INFO - Processing /opt/airflow/dags/envioemail.py took 1.871 seconds
[2024-08-27T11:48:22.896+0000] {processor.py:161} INFO - Started process (PID=111) to work on /opt/airflow/dags/envioemail.py
[2024-08-27T11:48:22.898+0000] {processor.py:830} INFO - Processing file /opt/airflow/dags/envioemail.py for tasks to queue
[2024-08-27T11:48:22.902+0000] {logging_mixin.py:188} INFO - [2024-08-27T11:48:22.902+0000] {dagbag.py:545} INFO - Filling up the DagBag from /opt/airflow/dags/envioemail.py
[2024-08-27T11:48:23.587+0000] {logging_mixin.py:188} WARNING - /opt/airflow/dags/envioemail.py:18 RemovedInAirflow3Warning: Param `schedule_interval` is deprecated and will be removed in a future release. Please use `schedule` instead.
[2024-08-27T11:48:23.596+0000] {processor.py:840} INFO - DAG(s) 'simple_dag' retrieved from /opt/airflow/dags/envioemail.py
[2024-08-27T11:48:23.631+0000] {logging_mixin.py:188} INFO - [2024-08-27T11:48:23.630+0000] {dag.py:3089} INFO - Sync 1 DAGs
[2024-08-27T11:48:23.659+0000] {logging_mixin.py:188} INFO - [2024-08-27T11:48:23.659+0000] {dag.py:3947} INFO - Setting next_dagrun for simple_dag to 2024-08-27 00:00:00+00:00, run_after=2024-08-28 00:00:00+00:00
[2024-08-27T11:48:23.691+0000] {processor.py:183} INFO - Processing /opt/airflow/dags/envioemail.py took 0.809 seconds
[2024-08-27T11:48:54.151+0000] {processor.py:161} INFO - Started process (PID=119) to work on /opt/airflow/dags/envioemail.py
[2024-08-27T11:48:54.153+0000] {processor.py:830} INFO - Processing file /opt/airflow/dags/envioemail.py for tasks to queue
[2024-08-27T11:48:54.156+0000] {logging_mixin.py:188} INFO - [2024-08-27T11:48:54.156+0000] {dagbag.py:545} INFO - Filling up the DagBag from /opt/airflow/dags/envioemail.py
[2024-08-27T11:48:54.827+0000] {logging_mixin.py:188} WARNING - /opt/airflow/dags/envioemail.py:18 RemovedInAirflow3Warning: Param `schedule_interval` is deprecated and will be removed in a future release. Please use `schedule` instead.
[2024-08-27T11:48:54.838+0000] {processor.py:840} INFO - DAG(s) 'simple_dag' retrieved from /opt/airflow/dags/envioemail.py
[2024-08-27T11:48:54.870+0000] {logging_mixin.py:188} INFO - [2024-08-27T11:48:54.869+0000] {dag.py:3089} INFO - Sync 1 DAGs
[2024-08-27T11:48:54.897+0000] {logging_mixin.py:188} INFO - [2024-08-27T11:48:54.896+0000] {dag.py:3947} INFO - Setting next_dagrun for simple_dag to 2024-08-27 00:00:00+00:00, run_after=2024-08-28 00:00:00+00:00
[2024-08-27T11:48:54.923+0000] {processor.py:183} INFO - Processing /opt/airflow/dags/envioemail.py took 0.784 seconds
[2024-08-27T11:49:25.447+0000] {processor.py:161} INFO - Started process (PID=127) to work on /opt/airflow/dags/envioemail.py
[2024-08-27T11:49:25.449+0000] {processor.py:830} INFO - Processing file /opt/airflow/dags/envioemail.py for tasks to queue
[2024-08-27T11:49:25.453+0000] {logging_mixin.py:188} INFO - [2024-08-27T11:49:25.452+0000] {dagbag.py:545} INFO - Filling up the DagBag from /opt/airflow/dags/envioemail.py
[2024-08-27T11:49:26.328+0000] {logging_mixin.py:188} WARNING - /opt/airflow/dags/envioemail.py:18 RemovedInAirflow3Warning: Param `schedule_interval` is deprecated and will be removed in a future release. Please use `schedule` instead.
[2024-08-27T11:49:26.348+0000] {processor.py:840} INFO - DAG(s) 'simple_dag' retrieved from /opt/airflow/dags/envioemail.py
[2024-08-27T11:49:26.394+0000] {logging_mixin.py:188} INFO - [2024-08-27T11:49:26.393+0000] {dag.py:3089} INFO - Sync 1 DAGs
[2024-08-27T11:49:26.434+0000] {logging_mixin.py:188} INFO - [2024-08-27T11:49:26.434+0000] {dag.py:3947} INFO - Setting next_dagrun for simple_dag to 2024-08-27 00:00:00+00:00, run_after=2024-08-28 00:00:00+00:00
[2024-08-27T11:49:26.466+0000] {processor.py:183} INFO - Processing /opt/airflow/dags/envioemail.py took 1.028 seconds
[2024-08-27T11:49:56.845+0000] {processor.py:161} INFO - Started process (PID=135) to work on /opt/airflow/dags/envioemail.py
[2024-08-27T11:49:56.847+0000] {processor.py:830} INFO - Processing file /opt/airflow/dags/envioemail.py for tasks to queue
[2024-08-27T11:49:56.850+0000] {logging_mixin.py:188} INFO - [2024-08-27T11:49:56.849+0000] {dagbag.py:545} INFO - Filling up the DagBag from /opt/airflow/dags/envioemail.py
[2024-08-27T11:49:57.484+0000] {logging_mixin.py:188} WARNING - /opt/airflow/dags/envioemail.py:18 RemovedInAirflow3Warning: Param `schedule_interval` is deprecated and will be removed in a future release. Please use `schedule` instead.
[2024-08-27T11:49:57.492+0000] {processor.py:840} INFO - DAG(s) 'simple_dag' retrieved from /opt/airflow/dags/envioemail.py
[2024-08-27T11:49:57.523+0000] {logging_mixin.py:188} INFO - [2024-08-27T11:49:57.522+0000] {dag.py:3089} INFO - Sync 1 DAGs
[2024-08-27T11:49:57.553+0000] {logging_mixin.py:188} INFO - [2024-08-27T11:49:57.553+0000] {dag.py:3947} INFO - Setting next_dagrun for simple_dag to 2024-08-27 00:00:00+00:00, run_after=2024-08-28 00:00:00+00:00
[2024-08-27T11:49:57.587+0000] {processor.py:183} INFO - Processing /opt/airflow/dags/envioemail.py took 0.749 seconds
[2024-08-27T11:51:04.078+0000] {processor.py:161} INFO - Started process (PID=143) to work on /opt/airflow/dags/envioemail.py
[2024-08-27T11:51:04.128+0000] {processor.py:830} INFO - Processing file /opt/airflow/dags/envioemail.py for tasks to queue
[2024-08-27T11:51:04.164+0000] {logging_mixin.py:188} INFO - [2024-08-27T11:51:04.164+0000] {dagbag.py:545} INFO - Filling up the DagBag from /opt/airflow/dags/envioemail.py
[2024-08-27T11:51:07.609+0000] {logging_mixin.py:188} WARNING - /opt/airflow/dags/envioemail.py:18 RemovedInAirflow3Warning: Param `schedule_interval` is deprecated and will be removed in a future release. Please use `schedule` instead.
[2024-08-27T11:51:07.625+0000] {processor.py:840} INFO - DAG(s) 'simple_dag' retrieved from /opt/airflow/dags/envioemail.py
[2024-08-27T11:51:07.686+0000] {logging_mixin.py:188} INFO - [2024-08-27T11:51:07.685+0000] {dag.py:3089} INFO - Sync 1 DAGs
[2024-08-27T11:51:07.747+0000] {logging_mixin.py:188} INFO - [2024-08-27T11:51:07.746+0000] {dag.py:3947} INFO - Setting next_dagrun for simple_dag to 2024-08-27 00:00:00+00:00, run_after=2024-08-28 00:00:00+00:00
[2024-08-27T11:51:07.794+0000] {processor.py:183} INFO - Processing /opt/airflow/dags/envioemail.py took 4.012 seconds
[2024-08-27T11:51:38.042+0000] {processor.py:161} INFO - Started process (PID=151) to work on /opt/airflow/dags/envioemail.py
[2024-08-27T11:51:38.043+0000] {processor.py:830} INFO - Processing file /opt/airflow/dags/envioemail.py for tasks to queue
[2024-08-27T11:51:38.045+0000] {logging_mixin.py:188} INFO - [2024-08-27T11:51:38.045+0000] {dagbag.py:545} INFO - Filling up the DagBag from /opt/airflow/dags/envioemail.py
[2024-08-27T11:51:38.621+0000] {logging_mixin.py:188} WARNING - /opt/airflow/dags/envioemail.py:18 RemovedInAirflow3Warning: Param `schedule_interval` is deprecated and will be removed in a future release. Please use `schedule` instead.
[2024-08-27T11:51:38.631+0000] {processor.py:840} INFO - DAG(s) 'simple_dag' retrieved from /opt/airflow/dags/envioemail.py
[2024-08-27T11:51:38.679+0000] {logging_mixin.py:188} INFO - [2024-08-27T11:51:38.678+0000] {dag.py:3089} INFO - Sync 1 DAGs
[2024-08-27T11:51:38.722+0000] {logging_mixin.py:188} INFO - [2024-08-27T11:51:38.722+0000] {dag.py:3947} INFO - Setting next_dagrun for simple_dag to 2024-08-27 00:00:00+00:00, run_after=2024-08-28 00:00:00+00:00
[2024-08-27T11:51:38.766+0000] {processor.py:183} INFO - Processing /opt/airflow/dags/envioemail.py took 0.731 seconds
[2024-08-27T11:52:08.996+0000] {processor.py:161} INFO - Started process (PID=166) to work on /opt/airflow/dags/envioemail.py
[2024-08-27T11:52:08.998+0000] {processor.py:830} INFO - Processing file /opt/airflow/dags/envioemail.py for tasks to queue
[2024-08-27T11:52:09.001+0000] {logging_mixin.py:188} INFO - [2024-08-27T11:52:09.000+0000] {dagbag.py:545} INFO - Filling up the DagBag from /opt/airflow/dags/envioemail.py
[2024-08-27T11:52:09.534+0000] {logging_mixin.py:188} WARNING - /opt/airflow/dags/envioemail.py:18 RemovedInAirflow3Warning: Param `schedule_interval` is deprecated and will be removed in a future release. Please use `schedule` instead.
[2024-08-27T11:52:09.544+0000] {processor.py:840} INFO - DAG(s) 'simple_dag' retrieved from /opt/airflow/dags/envioemail.py
[2024-08-27T11:52:09.580+0000] {logging_mixin.py:188} INFO - [2024-08-27T11:52:09.579+0000] {dag.py:3089} INFO - Sync 1 DAGs
[2024-08-27T11:52:09.608+0000] {logging_mixin.py:188} INFO - [2024-08-27T11:52:09.608+0000] {dag.py:3947} INFO - Setting next_dagrun for simple_dag to 2024-08-27 00:00:00+00:00, run_after=2024-08-28 00:00:00+00:00
[2024-08-27T11:52:09.636+0000] {processor.py:183} INFO - Processing /opt/airflow/dags/envioemail.py took 0.647 seconds
[2024-08-27T11:52:39.872+0000] {processor.py:161} INFO - Started process (PID=174) to work on /opt/airflow/dags/envioemail.py
[2024-08-27T11:52:39.874+0000] {processor.py:830} INFO - Processing file /opt/airflow/dags/envioemail.py for tasks to queue
[2024-08-27T11:52:39.877+0000] {logging_mixin.py:188} INFO - [2024-08-27T11:52:39.877+0000] {dagbag.py:545} INFO - Filling up the DagBag from /opt/airflow/dags/envioemail.py
[2024-08-27T11:52:40.578+0000] {logging_mixin.py:188} WARNING - /opt/airflow/dags/envioemail.py:18 RemovedInAirflow3Warning: Param `schedule_interval` is deprecated and will be removed in a future release. Please use `schedule` instead.
[2024-08-27T11:52:40.588+0000] {processor.py:840} INFO - DAG(s) 'simple_dag' retrieved from /opt/airflow/dags/envioemail.py
[2024-08-27T11:52:40.622+0000] {logging_mixin.py:188} INFO - [2024-08-27T11:52:40.621+0000] {dag.py:3089} INFO - Sync 1 DAGs
[2024-08-27T11:52:40.649+0000] {logging_mixin.py:188} INFO - [2024-08-27T11:52:40.648+0000] {dag.py:3947} INFO - Setting next_dagrun for simple_dag to 2024-08-27 00:00:00+00:00, run_after=2024-08-28 00:00:00+00:00
[2024-08-27T11:52:40.674+0000] {processor.py:183} INFO - Processing /opt/airflow/dags/envioemail.py took 0.811 seconds
[2024-08-27T11:53:10.918+0000] {processor.py:161} INFO - Started process (PID=182) to work on /opt/airflow/dags/envioemail.py
[2024-08-27T11:53:10.920+0000] {processor.py:830} INFO - Processing file /opt/airflow/dags/envioemail.py for tasks to queue
[2024-08-27T11:53:10.925+0000] {logging_mixin.py:188} INFO - [2024-08-27T11:53:10.925+0000] {dagbag.py:545} INFO - Filling up the DagBag from /opt/airflow/dags/envioemail.py
[2024-08-27T11:53:11.576+0000] {logging_mixin.py:188} WARNING - /opt/airflow/dags/envioemail.py:18 RemovedInAirflow3Warning: Param `schedule_interval` is deprecated and will be removed in a future release. Please use `schedule` instead.
[2024-08-27T11:53:11.585+0000] {processor.py:840} INFO - DAG(s) 'simple_dag' retrieved from /opt/airflow/dags/envioemail.py
[2024-08-27T11:53:11.623+0000] {logging_mixin.py:188} INFO - [2024-08-27T11:53:11.622+0000] {dag.py:3089} INFO - Sync 1 DAGs
[2024-08-27T11:53:11.667+0000] {logging_mixin.py:188} INFO - [2024-08-27T11:53:11.667+0000] {dag.py:3947} INFO - Setting next_dagrun for simple_dag to 2024-08-27 00:00:00+00:00, run_after=2024-08-28 00:00:00+00:00
[2024-08-27T11:53:11.712+0000] {processor.py:183} INFO - Processing /opt/airflow/dags/envioemail.py took 0.806 seconds
[2024-08-27T11:53:42.236+0000] {processor.py:161} INFO - Started process (PID=190) to work on /opt/airflow/dags/envioemail.py
[2024-08-27T11:53:42.240+0000] {processor.py:830} INFO - Processing file /opt/airflow/dags/envioemail.py for tasks to queue
[2024-08-27T11:53:42.245+0000] {logging_mixin.py:188} INFO - [2024-08-27T11:53:42.245+0000] {dagbag.py:545} INFO - Filling up the DagBag from /opt/airflow/dags/envioemail.py
[2024-08-27T11:53:42.975+0000] {logging_mixin.py:188} WARNING - /opt/airflow/dags/envioemail.py:18 RemovedInAirflow3Warning: Param `schedule_interval` is deprecated and will be removed in a future release. Please use `schedule` instead.
[2024-08-27T11:53:42.984+0000] {processor.py:840} INFO - DAG(s) 'simple_dag' retrieved from /opt/airflow/dags/envioemail.py
[2024-08-27T11:53:43.016+0000] {logging_mixin.py:188} INFO - [2024-08-27T11:53:43.015+0000] {dag.py:3089} INFO - Sync 1 DAGs
[2024-08-27T11:53:43.047+0000] {logging_mixin.py:188} INFO - [2024-08-27T11:53:43.046+0000] {dag.py:3947} INFO - Setting next_dagrun for simple_dag to 2024-08-27 00:00:00+00:00, run_after=2024-08-28 00:00:00+00:00
[2024-08-27T11:53:43.089+0000] {processor.py:183} INFO - Processing /opt/airflow/dags/envioemail.py took 0.868 seconds
[2024-08-27T11:54:13.485+0000] {processor.py:161} INFO - Started process (PID=198) to work on /opt/airflow/dags/envioemail.py
[2024-08-27T11:54:13.487+0000] {processor.py:830} INFO - Processing file /opt/airflow/dags/envioemail.py for tasks to queue
[2024-08-27T11:54:13.498+0000] {logging_mixin.py:188} INFO - [2024-08-27T11:54:13.494+0000] {dagbag.py:545} INFO - Filling up the DagBag from /opt/airflow/dags/envioemail.py
[2024-08-27T11:54:15.068+0000] {logging_mixin.py:188} WARNING - /opt/airflow/dags/envioemail.py:18 RemovedInAirflow3Warning: Param `schedule_interval` is deprecated and will be removed in a future release. Please use `schedule` instead.
[2024-08-27T11:54:15.076+0000] {processor.py:840} INFO - DAG(s) 'simple_dag' retrieved from /opt/airflow/dags/envioemail.py
[2024-08-27T11:54:15.109+0000] {logging_mixin.py:188} INFO - [2024-08-27T11:54:15.108+0000] {dag.py:3089} INFO - Sync 1 DAGs
[2024-08-27T11:54:15.142+0000] {logging_mixin.py:188} INFO - [2024-08-27T11:54:15.141+0000] {dag.py:3947} INFO - Setting next_dagrun for simple_dag to 2024-08-27 00:00:00+00:00, run_after=2024-08-28 00:00:00+00:00
[2024-08-27T11:54:15.171+0000] {processor.py:183} INFO - Processing /opt/airflow/dags/envioemail.py took 1.699 seconds
[2024-08-27T11:54:45.697+0000] {processor.py:161} INFO - Started process (PID=206) to work on /opt/airflow/dags/envioemail.py
[2024-08-27T11:54:45.699+0000] {processor.py:830} INFO - Processing file /opt/airflow/dags/envioemail.py for tasks to queue
[2024-08-27T11:54:45.702+0000] {logging_mixin.py:188} INFO - [2024-08-27T11:54:45.701+0000] {dagbag.py:545} INFO - Filling up the DagBag from /opt/airflow/dags/envioemail.py
[2024-08-27T11:54:46.368+0000] {logging_mixin.py:188} WARNING - /opt/airflow/dags/envioemail.py:18 RemovedInAirflow3Warning: Param `schedule_interval` is deprecated and will be removed in a future release. Please use `schedule` instead.
[2024-08-27T11:54:46.376+0000] {processor.py:840} INFO - DAG(s) 'simple_dag' retrieved from /opt/airflow/dags/envioemail.py
[2024-08-27T11:54:46.407+0000] {logging_mixin.py:188} INFO - [2024-08-27T11:54:46.406+0000] {dag.py:3089} INFO - Sync 1 DAGs
[2024-08-27T11:54:46.437+0000] {logging_mixin.py:188} INFO - [2024-08-27T11:54:46.437+0000] {dag.py:3947} INFO - Setting next_dagrun for simple_dag to 2024-08-27 00:00:00+00:00, run_after=2024-08-28 00:00:00+00:00
[2024-08-27T11:54:46.469+0000] {processor.py:183} INFO - Processing /opt/airflow/dags/envioemail.py took 0.787 seconds
[2024-08-27T11:55:16.881+0000] {processor.py:161} INFO - Started process (PID=214) to work on /opt/airflow/dags/envioemail.py
[2024-08-27T11:55:16.883+0000] {processor.py:830} INFO - Processing file /opt/airflow/dags/envioemail.py for tasks to queue
[2024-08-27T11:55:16.886+0000] {logging_mixin.py:188} INFO - [2024-08-27T11:55:16.886+0000] {dagbag.py:545} INFO - Filling up the DagBag from /opt/airflow/dags/envioemail.py
[2024-08-27T11:55:17.553+0000] {logging_mixin.py:188} WARNING - /opt/airflow/dags/envioemail.py:18 RemovedInAirflow3Warning: Param `schedule_interval` is deprecated and will be removed in a future release. Please use `schedule` instead.
[2024-08-27T11:55:17.563+0000] {processor.py:840} INFO - DAG(s) 'simple_dag' retrieved from /opt/airflow/dags/envioemail.py
[2024-08-27T11:55:17.598+0000] {logging_mixin.py:188} INFO - [2024-08-27T11:55:17.598+0000] {dag.py:3089} INFO - Sync 1 DAGs
[2024-08-27T11:55:17.626+0000] {logging_mixin.py:188} INFO - [2024-08-27T11:55:17.625+0000] {dag.py:3947} INFO - Setting next_dagrun for simple_dag to 2024-08-27 00:00:00+00:00, run_after=2024-08-28 00:00:00+00:00
[2024-08-27T11:55:17.656+0000] {processor.py:183} INFO - Processing /opt/airflow/dags/envioemail.py took 0.784 seconds
[2024-08-27T11:55:47.941+0000] {processor.py:161} INFO - Started process (PID=222) to work on /opt/airflow/dags/envioemail.py
[2024-08-27T11:55:47.942+0000] {processor.py:830} INFO - Processing file /opt/airflow/dags/envioemail.py for tasks to queue
[2024-08-27T11:55:47.945+0000] {logging_mixin.py:188} INFO - [2024-08-27T11:55:47.944+0000] {dagbag.py:545} INFO - Filling up the DagBag from /opt/airflow/dags/envioemail.py
[2024-08-27T11:55:48.741+0000] {logging_mixin.py:188} WARNING - /opt/airflow/dags/envioemail.py:18 RemovedInAirflow3Warning: Param `schedule_interval` is deprecated and will be removed in a future release. Please use `schedule` instead.
[2024-08-27T11:55:48.750+0000] {processor.py:840} INFO - DAG(s) 'simple_dag' retrieved from /opt/airflow/dags/envioemail.py
[2024-08-27T11:55:48.805+0000] {logging_mixin.py:188} INFO - [2024-08-27T11:55:48.804+0000] {dag.py:3089} INFO - Sync 1 DAGs
[2024-08-27T11:55:48.845+0000] {logging_mixin.py:188} INFO - [2024-08-27T11:55:48.845+0000] {dag.py:3947} INFO - Setting next_dagrun for simple_dag to 2024-08-27 00:00:00+00:00, run_after=2024-08-28 00:00:00+00:00
[2024-08-27T11:55:48.877+0000] {processor.py:183} INFO - Processing /opt/airflow/dags/envioemail.py took 0.943 seconds
[2024-08-27T11:56:19.142+0000] {processor.py:161} INFO - Started process (PID=231) to work on /opt/airflow/dags/envioemail.py
[2024-08-27T11:56:19.143+0000] {processor.py:830} INFO - Processing file /opt/airflow/dags/envioemail.py for tasks to queue
[2024-08-27T11:56:19.146+0000] {logging_mixin.py:188} INFO - [2024-08-27T11:56:19.145+0000] {dagbag.py:545} INFO - Filling up the DagBag from /opt/airflow/dags/envioemail.py
[2024-08-27T11:56:19.764+0000] {logging_mixin.py:188} WARNING - /opt/airflow/dags/envioemail.py:18 RemovedInAirflow3Warning: Param `schedule_interval` is deprecated and will be removed in a future release. Please use `schedule` instead.
[2024-08-27T11:56:19.773+0000] {processor.py:840} INFO - DAG(s) 'simple_dag' retrieved from /opt/airflow/dags/envioemail.py
[2024-08-27T11:56:19.807+0000] {logging_mixin.py:188} INFO - [2024-08-27T11:56:19.806+0000] {dag.py:3089} INFO - Sync 1 DAGs
[2024-08-27T11:56:19.835+0000] {logging_mixin.py:188} INFO - [2024-08-27T11:56:19.835+0000] {dag.py:3947} INFO - Setting next_dagrun for simple_dag to 2024-08-27 00:00:00+00:00, run_after=2024-08-28 00:00:00+00:00
[2024-08-27T11:56:19.869+0000] {processor.py:183} INFO - Processing /opt/airflow/dags/envioemail.py took 0.736 seconds
[2024-08-27T11:56:50.214+0000] {processor.py:161} INFO - Started process (PID=239) to work on /opt/airflow/dags/envioemail.py
[2024-08-27T11:56:50.215+0000] {processor.py:830} INFO - Processing file /opt/airflow/dags/envioemail.py for tasks to queue
[2024-08-27T11:56:50.219+0000] {logging_mixin.py:188} INFO - [2024-08-27T11:56:50.218+0000] {dagbag.py:545} INFO - Filling up the DagBag from /opt/airflow/dags/envioemail.py
[2024-08-27T11:56:50.963+0000] {logging_mixin.py:188} WARNING - /opt/airflow/dags/envioemail.py:18 RemovedInAirflow3Warning: Param `schedule_interval` is deprecated and will be removed in a future release. Please use `schedule` instead.
[2024-08-27T11:56:50.977+0000] {processor.py:840} INFO - DAG(s) 'simple_dag' retrieved from /opt/airflow/dags/envioemail.py
[2024-08-27T11:56:51.022+0000] {logging_mixin.py:188} INFO - [2024-08-27T11:56:51.021+0000] {dag.py:3089} INFO - Sync 1 DAGs
[2024-08-27T11:56:51.058+0000] {logging_mixin.py:188} INFO - [2024-08-27T11:56:51.057+0000] {dag.py:3947} INFO - Setting next_dagrun for simple_dag to 2024-08-27 00:00:00+00:00, run_after=2024-08-28 00:00:00+00:00
[2024-08-27T11:56:51.098+0000] {processor.py:183} INFO - Processing /opt/airflow/dags/envioemail.py took 0.892 seconds
[2024-08-27T11:57:21.862+0000] {processor.py:161} INFO - Started process (PID=248) to work on /opt/airflow/dags/envioemail.py
[2024-08-27T11:57:21.864+0000] {processor.py:830} INFO - Processing file /opt/airflow/dags/envioemail.py for tasks to queue
[2024-08-27T11:57:21.867+0000] {logging_mixin.py:188} INFO - [2024-08-27T11:57:21.867+0000] {dagbag.py:545} INFO - Filling up the DagBag from /opt/airflow/dags/envioemail.py
[2024-08-27T11:57:22.760+0000] {logging_mixin.py:188} WARNING - /opt/airflow/dags/envioemail.py:18 RemovedInAirflow3Warning: Param `schedule_interval` is deprecated and will be removed in a future release. Please use `schedule` instead.
[2024-08-27T11:57:22.770+0000] {processor.py:840} INFO - DAG(s) 'simple_dag' retrieved from /opt/airflow/dags/envioemail.py
[2024-08-27T11:57:22.801+0000] {logging_mixin.py:188} INFO - [2024-08-27T11:57:22.801+0000] {dag.py:3089} INFO - Sync 1 DAGs
[2024-08-27T11:57:22.834+0000] {logging_mixin.py:188} INFO - [2024-08-27T11:57:22.834+0000] {dag.py:3947} INFO - Setting next_dagrun for simple_dag to 2024-08-27 00:00:00+00:00, run_after=2024-08-28 00:00:00+00:00
[2024-08-27T11:57:22.864+0000] {processor.py:183} INFO - Processing /opt/airflow/dags/envioemail.py took 1.010 seconds
[2024-08-27T11:57:53.340+0000] {processor.py:161} INFO - Started process (PID=256) to work on /opt/airflow/dags/envioemail.py
[2024-08-27T11:57:53.343+0000] {processor.py:830} INFO - Processing file /opt/airflow/dags/envioemail.py for tasks to queue
[2024-08-27T11:57:53.351+0000] {logging_mixin.py:188} INFO - [2024-08-27T11:57:53.350+0000] {dagbag.py:545} INFO - Filling up the DagBag from /opt/airflow/dags/envioemail.py
[2024-08-27T11:57:55.448+0000] {logging_mixin.py:188} WARNING - /opt/airflow/dags/envioemail.py:18 RemovedInAirflow3Warning: Param `schedule_interval` is deprecated and will be removed in a future release. Please use `schedule` instead.
[2024-08-27T11:57:55.491+0000] {processor.py:840} INFO - DAG(s) 'simple_dag' retrieved from /opt/airflow/dags/envioemail.py
[2024-08-27T11:57:55.618+0000] {logging_mixin.py:188} INFO - [2024-08-27T11:57:55.616+0000] {dag.py:3089} INFO - Sync 1 DAGs
[2024-08-27T11:57:55.699+0000] {logging_mixin.py:188} INFO - [2024-08-27T11:57:55.698+0000] {dag.py:3947} INFO - Setting next_dagrun for simple_dag to 2024-08-27 00:00:00+00:00, run_after=2024-08-28 00:00:00+00:00
[2024-08-27T11:57:55.769+0000] {processor.py:183} INFO - Processing /opt/airflow/dags/envioemail.py took 2.452 seconds
[2024-08-27T11:58:26.176+0000] {processor.py:161} INFO - Started process (PID=264) to work on /opt/airflow/dags/envioemail.py
[2024-08-27T11:58:26.177+0000] {processor.py:830} INFO - Processing file /opt/airflow/dags/envioemail.py for tasks to queue
[2024-08-27T11:58:26.180+0000] {logging_mixin.py:188} INFO - [2024-08-27T11:58:26.179+0000] {dagbag.py:545} INFO - Filling up the DagBag from /opt/airflow/dags/envioemail.py
[2024-08-27T11:58:26.883+0000] {logging_mixin.py:188} WARNING - /opt/airflow/dags/envioemail.py:18 RemovedInAirflow3Warning: Param `schedule_interval` is deprecated and will be removed in a future release. Please use `schedule` instead.
[2024-08-27T11:58:26.892+0000] {processor.py:840} INFO - DAG(s) 'simple_dag' retrieved from /opt/airflow/dags/envioemail.py
[2024-08-27T11:58:26.927+0000] {logging_mixin.py:188} INFO - [2024-08-27T11:58:26.926+0000] {dag.py:3089} INFO - Sync 1 DAGs
[2024-08-27T11:58:26.955+0000] {logging_mixin.py:188} INFO - [2024-08-27T11:58:26.955+0000] {dag.py:3947} INFO - Setting next_dagrun for simple_dag to 2024-08-27 00:00:00+00:00, run_after=2024-08-28 00:00:00+00:00
[2024-08-27T11:58:26.998+0000] {processor.py:183} INFO - Processing /opt/airflow/dags/envioemail.py took 0.830 seconds
[2024-08-27T11:58:57.170+0000] {processor.py:161} INFO - Started process (PID=272) to work on /opt/airflow/dags/envioemail.py
[2024-08-27T11:58:57.171+0000] {processor.py:830} INFO - Processing file /opt/airflow/dags/envioemail.py for tasks to queue
[2024-08-27T11:58:57.174+0000] {logging_mixin.py:188} INFO - [2024-08-27T11:58:57.174+0000] {dagbag.py:545} INFO - Filling up the DagBag from /opt/airflow/dags/envioemail.py
[2024-08-27T11:58:58.338+0000] {logging_mixin.py:188} WARNING - /opt/airflow/dags/envioemail.py:18 RemovedInAirflow3Warning: Param `schedule_interval` is deprecated and will be removed in a future release. Please use `schedule` instead.
[2024-08-27T11:58:58.365+0000] {processor.py:840} INFO - DAG(s) 'simple_dag' retrieved from /opt/airflow/dags/envioemail.py
[2024-08-27T11:58:58.427+0000] {logging_mixin.py:188} INFO - [2024-08-27T11:58:58.425+0000] {dag.py:3089} INFO - Sync 1 DAGs
[2024-08-27T11:58:58.487+0000] {logging_mixin.py:188} INFO - [2024-08-27T11:58:58.486+0000] {dag.py:3947} INFO - Setting next_dagrun for simple_dag to 2024-08-27 00:00:00+00:00, run_after=2024-08-28 00:00:00+00:00
[2024-08-27T11:58:58.526+0000] {processor.py:183} INFO - Processing /opt/airflow/dags/envioemail.py took 1.365 seconds
[2024-08-27T11:59:28.932+0000] {processor.py:161} INFO - Started process (PID=280) to work on /opt/airflow/dags/envioemail.py
[2024-08-27T11:59:28.934+0000] {processor.py:830} INFO - Processing file /opt/airflow/dags/envioemail.py for tasks to queue
[2024-08-27T11:59:28.939+0000] {logging_mixin.py:188} INFO - [2024-08-27T11:59:28.938+0000] {dagbag.py:545} INFO - Filling up the DagBag from /opt/airflow/dags/envioemail.py
[2024-08-27T11:59:29.728+0000] {logging_mixin.py:188} WARNING - /opt/airflow/dags/envioemail.py:18 RemovedInAirflow3Warning: Param `schedule_interval` is deprecated and will be removed in a future release. Please use `schedule` instead.
[2024-08-27T11:59:29.737+0000] {processor.py:840} INFO - DAG(s) 'simple_dag' retrieved from /opt/airflow/dags/envioemail.py
[2024-08-27T11:59:29.770+0000] {logging_mixin.py:188} INFO - [2024-08-27T11:59:29.769+0000] {dag.py:3089} INFO - Sync 1 DAGs
[2024-08-27T11:59:29.811+0000] {logging_mixin.py:188} INFO - [2024-08-27T11:59:29.811+0000] {dag.py:3947} INFO - Setting next_dagrun for simple_dag to 2024-08-27 00:00:00+00:00, run_after=2024-08-28 00:00:00+00:00
[2024-08-27T11:59:29.851+0000] {processor.py:183} INFO - Processing /opt/airflow/dags/envioemail.py took 0.931 seconds
[2024-08-27T12:00:00.357+0000] {processor.py:161} INFO - Started process (PID=288) to work on /opt/airflow/dags/envioemail.py
[2024-08-27T12:00:00.361+0000] {processor.py:830} INFO - Processing file /opt/airflow/dags/envioemail.py for tasks to queue
[2024-08-27T12:00:00.371+0000] {logging_mixin.py:188} INFO - [2024-08-27T12:00:00.370+0000] {dagbag.py:545} INFO - Filling up the DagBag from /opt/airflow/dags/envioemail.py
[2024-08-27T12:00:01.211+0000] {logging_mixin.py:188} WARNING - /opt/airflow/dags/envioemail.py:18 RemovedInAirflow3Warning: Param `schedule_interval` is deprecated and will be removed in a future release. Please use `schedule` instead.
[2024-08-27T12:00:01.219+0000] {processor.py:840} INFO - DAG(s) 'simple_dag' retrieved from /opt/airflow/dags/envioemail.py
[2024-08-27T12:00:01.254+0000] {logging_mixin.py:188} INFO - [2024-08-27T12:00:01.254+0000] {dag.py:3089} INFO - Sync 1 DAGs
[2024-08-27T12:00:01.282+0000] {logging_mixin.py:188} INFO - [2024-08-27T12:00:01.282+0000] {dag.py:3947} INFO - Setting next_dagrun for simple_dag to 2024-08-27 00:00:00+00:00, run_after=2024-08-28 00:00:00+00:00
[2024-08-27T12:00:01.320+0000] {processor.py:183} INFO - Processing /opt/airflow/dags/envioemail.py took 0.984 seconds
[2024-08-27T12:00:31.742+0000] {processor.py:161} INFO - Started process (PID=296) to work on /opt/airflow/dags/envioemail.py
[2024-08-27T12:00:31.744+0000] {processor.py:830} INFO - Processing file /opt/airflow/dags/envioemail.py for tasks to queue
[2024-08-27T12:00:31.749+0000] {logging_mixin.py:188} INFO - [2024-08-27T12:00:31.748+0000] {dagbag.py:545} INFO - Filling up the DagBag from /opt/airflow/dags/envioemail.py
[2024-08-27T12:00:32.774+0000] {logging_mixin.py:188} WARNING - /opt/airflow/dags/envioemail.py:18 RemovedInAirflow3Warning: Param `schedule_interval` is deprecated and will be removed in a future release. Please use `schedule` instead.
[2024-08-27T12:00:32.785+0000] {processor.py:840} INFO - DAG(s) 'simple_dag' retrieved from /opt/airflow/dags/envioemail.py
[2024-08-27T12:00:32.819+0000] {logging_mixin.py:188} INFO - [2024-08-27T12:00:32.818+0000] {dag.py:3089} INFO - Sync 1 DAGs
[2024-08-27T12:00:32.849+0000] {logging_mixin.py:188} INFO - [2024-08-27T12:00:32.849+0000] {dag.py:3947} INFO - Setting next_dagrun for simple_dag to 2024-08-27 00:00:00+00:00, run_after=2024-08-28 00:00:00+00:00
[2024-08-27T12:00:32.878+0000] {processor.py:183} INFO - Processing /opt/airflow/dags/envioemail.py took 1.145 seconds
[2024-08-27T12:01:03.098+0000] {processor.py:161} INFO - Started process (PID=304) to work on /opt/airflow/dags/envioemail.py
[2024-08-27T12:01:03.100+0000] {processor.py:830} INFO - Processing file /opt/airflow/dags/envioemail.py for tasks to queue
[2024-08-27T12:01:03.104+0000] {logging_mixin.py:188} INFO - [2024-08-27T12:01:03.104+0000] {dagbag.py:545} INFO - Filling up the DagBag from /opt/airflow/dags/envioemail.py
[2024-08-27T12:01:04.900+0000] {logging_mixin.py:188} WARNING - /opt/airflow/dags/envioemail.py:18 RemovedInAirflow3Warning: Param `schedule_interval` is deprecated and will be removed in a future release. Please use `schedule` instead.
[2024-08-27T12:01:04.927+0000] {processor.py:840} INFO - DAG(s) 'simple_dag' retrieved from /opt/airflow/dags/envioemail.py
[2024-08-27T12:01:05.038+0000] {logging_mixin.py:188} INFO - [2024-08-27T12:01:05.036+0000] {dag.py:3089} INFO - Sync 1 DAGs
[2024-08-27T12:01:05.136+0000] {logging_mixin.py:188} INFO - [2024-08-27T12:01:05.136+0000] {dag.py:3947} INFO - Setting next_dagrun for simple_dag to 2024-08-27 00:00:00+00:00, run_after=2024-08-28 00:00:00+00:00
[2024-08-27T12:01:05.198+0000] {processor.py:183} INFO - Processing /opt/airflow/dags/envioemail.py took 2.117 seconds
[2024-08-27T12:01:35.686+0000] {processor.py:161} INFO - Started process (PID=312) to work on /opt/airflow/dags/envioemail.py
[2024-08-27T12:01:35.688+0000] {processor.py:830} INFO - Processing file /opt/airflow/dags/envioemail.py for tasks to queue
[2024-08-27T12:01:35.693+0000] {logging_mixin.py:188} INFO - [2024-08-27T12:01:35.692+0000] {dagbag.py:545} INFO - Filling up the DagBag from /opt/airflow/dags/envioemail.py
[2024-08-27T12:01:36.477+0000] {logging_mixin.py:188} WARNING - /opt/airflow/dags/envioemail.py:18 RemovedInAirflow3Warning: Param `schedule_interval` is deprecated and will be removed in a future release. Please use `schedule` instead.
[2024-08-27T12:01:36.489+0000] {processor.py:840} INFO - DAG(s) 'simple_dag' retrieved from /opt/airflow/dags/envioemail.py
[2024-08-27T12:01:36.536+0000] {logging_mixin.py:188} INFO - [2024-08-27T12:01:36.535+0000] {dag.py:3089} INFO - Sync 1 DAGs
[2024-08-27T12:01:36.577+0000] {logging_mixin.py:188} INFO - [2024-08-27T12:01:36.577+0000] {dag.py:3947} INFO - Setting next_dagrun for simple_dag to 2024-08-27 00:00:00+00:00, run_after=2024-08-28 00:00:00+00:00
[2024-08-27T12:01:36.607+0000] {processor.py:183} INFO - Processing /opt/airflow/dags/envioemail.py took 0.934 seconds
[2024-08-27T12:02:07.067+0000] {processor.py:161} INFO - Started process (PID=320) to work on /opt/airflow/dags/envioemail.py
[2024-08-27T12:02:07.068+0000] {processor.py:830} INFO - Processing file /opt/airflow/dags/envioemail.py for tasks to queue
[2024-08-27T12:02:07.071+0000] {logging_mixin.py:188} INFO - [2024-08-27T12:02:07.070+0000] {dagbag.py:545} INFO - Filling up the DagBag from /opt/airflow/dags/envioemail.py
[2024-08-27T12:02:07.746+0000] {logging_mixin.py:188} WARNING - /opt/airflow/dags/envioemail.py:18 RemovedInAirflow3Warning: Param `schedule_interval` is deprecated and will be removed in a future release. Please use `schedule` instead.
[2024-08-27T12:02:07.755+0000] {processor.py:840} INFO - DAG(s) 'simple_dag' retrieved from /opt/airflow/dags/envioemail.py
[2024-08-27T12:02:07.785+0000] {logging_mixin.py:188} INFO - [2024-08-27T12:02:07.785+0000] {dag.py:3089} INFO - Sync 1 DAGs
[2024-08-27T12:02:07.815+0000] {logging_mixin.py:188} INFO - [2024-08-27T12:02:07.815+0000] {dag.py:3947} INFO - Setting next_dagrun for simple_dag to 2024-08-27 00:00:00+00:00, run_after=2024-08-28 00:00:00+00:00
[2024-08-27T12:02:07.848+0000] {processor.py:183} INFO - Processing /opt/airflow/dags/envioemail.py took 0.790 seconds
[2024-08-27T12:02:38.438+0000] {processor.py:161} INFO - Started process (PID=328) to work on /opt/airflow/dags/envioemail.py
[2024-08-27T12:02:38.441+0000] {processor.py:830} INFO - Processing file /opt/airflow/dags/envioemail.py for tasks to queue
[2024-08-27T12:02:38.445+0000] {logging_mixin.py:188} INFO - [2024-08-27T12:02:38.444+0000] {dagbag.py:545} INFO - Filling up the DagBag from /opt/airflow/dags/envioemail.py
[2024-08-27T12:02:39.186+0000] {logging_mixin.py:188} WARNING - /opt/airflow/dags/envioemail.py:18 RemovedInAirflow3Warning: Param `schedule_interval` is deprecated and will be removed in a future release. Please use `schedule` instead.
[2024-08-27T12:02:39.196+0000] {processor.py:840} INFO - DAG(s) 'simple_dag' retrieved from /opt/airflow/dags/envioemail.py
[2024-08-27T12:02:39.233+0000] {logging_mixin.py:188} INFO - [2024-08-27T12:02:39.233+0000] {dag.py:3089} INFO - Sync 1 DAGs
[2024-08-27T12:02:39.269+0000] {logging_mixin.py:188} INFO - [2024-08-27T12:02:39.269+0000] {dag.py:3947} INFO - Setting next_dagrun for simple_dag to 2024-08-27 00:00:00+00:00, run_after=2024-08-28 00:00:00+00:00
[2024-08-27T12:02:39.318+0000] {processor.py:183} INFO - Processing /opt/airflow/dags/envioemail.py took 0.893 seconds
[2024-08-27T12:03:09.731+0000] {processor.py:161} INFO - Started process (PID=336) to work on /opt/airflow/dags/envioemail.py
[2024-08-27T12:03:09.733+0000] {processor.py:830} INFO - Processing file /opt/airflow/dags/envioemail.py for tasks to queue
[2024-08-27T12:03:09.737+0000] {logging_mixin.py:188} INFO - [2024-08-27T12:03:09.737+0000] {dagbag.py:545} INFO - Filling up the DagBag from /opt/airflow/dags/envioemail.py
[2024-08-27T12:03:10.598+0000] {logging_mixin.py:188} WARNING - /opt/airflow/dags/envioemail.py:18 RemovedInAirflow3Warning: Param `schedule_interval` is deprecated and will be removed in a future release. Please use `schedule` instead.
[2024-08-27T12:03:10.606+0000] {processor.py:840} INFO - DAG(s) 'simple_dag' retrieved from /opt/airflow/dags/envioemail.py
[2024-08-27T12:03:10.637+0000] {logging_mixin.py:188} INFO - [2024-08-27T12:03:10.637+0000] {dag.py:3089} INFO - Sync 1 DAGs
[2024-08-27T12:03:10.665+0000] {logging_mixin.py:188} INFO - [2024-08-27T12:03:10.664+0000] {dag.py:3947} INFO - Setting next_dagrun for simple_dag to 2024-08-27 00:00:00+00:00, run_after=2024-08-28 00:00:00+00:00
[2024-08-27T12:03:10.696+0000] {processor.py:183} INFO - Processing /opt/airflow/dags/envioemail.py took 0.979 seconds
[2024-08-27T12:03:41.144+0000] {processor.py:161} INFO - Started process (PID=350) to work on /opt/airflow/dags/envioemail.py
[2024-08-27T12:03:41.146+0000] {processor.py:830} INFO - Processing file /opt/airflow/dags/envioemail.py for tasks to queue
[2024-08-27T12:03:41.150+0000] {logging_mixin.py:188} INFO - [2024-08-27T12:03:41.149+0000] {dagbag.py:545} INFO - Filling up the DagBag from /opt/airflow/dags/envioemail.py
[2024-08-27T12:03:41.865+0000] {logging_mixin.py:188} WARNING - /opt/airflow/dags/envioemail.py:18 RemovedInAirflow3Warning: Param `schedule_interval` is deprecated and will be removed in a future release. Please use `schedule` instead.
[2024-08-27T12:03:41.877+0000] {processor.py:840} INFO - DAG(s) 'simple_dag' retrieved from /opt/airflow/dags/envioemail.py
[2024-08-27T12:03:41.910+0000] {logging_mixin.py:188} INFO - [2024-08-27T12:03:41.909+0000] {dag.py:3089} INFO - Sync 1 DAGs
[2024-08-27T12:03:41.942+0000] {logging_mixin.py:188} INFO - [2024-08-27T12:03:41.942+0000] {dag.py:3947} INFO - Setting next_dagrun for simple_dag to 2024-08-27 00:00:00+00:00, run_after=2024-08-28 00:00:00+00:00
[2024-08-27T12:03:41.982+0000] {processor.py:183} INFO - Processing /opt/airflow/dags/envioemail.py took 0.851 seconds
