[2024-08-31T16:23:52.667+0000] {local_task_job_runner.py:120} INFO - ::group::Pre task execution logs
[2024-08-31T16:23:53.142+0000] {taskinstance.py:2076} INFO - Dependencies all met for dep_context=non-requeueable deps ti=<TaskInstance: simple_dag.process_data manual__2024-08-31T16:23:36.723213+00:00 [queued]>
[2024-08-31T16:23:53.187+0000] {taskinstance.py:2076} INFO - Dependencies all met for dep_context=requeueable deps ti=<TaskInstance: simple_dag.process_data manual__2024-08-31T16:23:36.723213+00:00 [queued]>
[2024-08-31T16:23:53.189+0000] {taskinstance.py:2306} INFO - Starting attempt 1 of 2
[2024-08-31T16:23:53.240+0000] {taskinstance.py:2330} INFO - Executing <Task(PythonOperator): process_data> on 2024-08-31 16:23:36.723213+00:00
[2024-08-31T16:23:53.255+0000] {warnings.py:112} WARNING - /home/***/.local/lib/python3.12/site-packages/***/task/task_runner/standard_task_runner.py:62: DeprecationWarning: This process (pid=2136) is multi-threaded, use of fork() may lead to deadlocks in the child.
  pid = os.fork()

[2024-08-31T16:23:53.259+0000] {standard_task_runner.py:64} INFO - Started process 2138 to run task
[2024-08-31T16:23:53.259+0000] {standard_task_runner.py:90} INFO - Running: ['***', 'tasks', 'run', 'simple_dag', 'process_data', 'manual__2024-08-31T16:23:36.723213+00:00', '--job-id', '325', '--raw', '--subdir', 'DAGS_FOLDER/envioemail.py', '--cfg-path', '/tmp/tmp8vpvnqp1']
[2024-08-31T16:23:53.265+0000] {standard_task_runner.py:91} INFO - Job 325: Subtask process_data
[2024-08-31T16:23:53.383+0000] {task_command.py:426} INFO - Running <TaskInstance: simple_dag.process_data manual__2024-08-31T16:23:36.723213+00:00 [running]> on host 19bb8daff211
[2024-08-31T16:23:53.624+0000] {taskinstance.py:2648} INFO - Exporting env vars: AIRFLOW_CTX_DAG_EMAIL='jorgepons90@gmail.com,facturasjorgepons@gmail.com' AIRFLOW_CTX_DAG_OWNER='Jorge Pons' AIRFLOW_CTX_DAG_ID='simple_dag' AIRFLOW_CTX_TASK_ID='process_data' AIRFLOW_CTX_EXECUTION_DATE='2024-08-31T16:23:36.723213+00:00' AIRFLOW_CTX_TRY_NUMBER='1' AIRFLOW_CTX_DAG_RUN_ID='manual__2024-08-31T16:23:36.723213+00:00'
[2024-08-31T16:23:53.627+0000] {taskinstance.py:430} INFO - ::endgroup::
[2024-08-31T16:23:53.700+0000] {base.py:84} INFO - Using connection ID 'my_mssql_conn_id' for task execution.
[2024-08-31T16:24:03.394+0000] {local_task_job_runner.py:313} WARNING - State of this instance has been externally set to upstream_failed. Terminating instance.
[2024-08-31T16:24:03.400+0000] {local_task_job_runner.py:222} INFO - ::endgroup::
[2024-08-31T16:24:03.412+0000] {process_utils.py:132} INFO - Sending 15 to group 2138. PIDs of all processes in the group: [2138]
[2024-08-31T16:24:03.413+0000] {process_utils.py:87} INFO - Sending the signal 15 to group 2138
[2024-08-31T16:24:03.433+0000] {taskinstance.py:2611} ERROR - Received SIGTERM. Terminating subprocesses.
[2024-08-31T16:24:03.436+0000] {taskinstance.py:441} INFO - ::group::Post task execution logs
[2024-08-31T16:24:03.548+0000] {process_utils.py:80} INFO - Process psutil.Process(pid=2138, status='terminated', exitcode=0, started='16:23:53') (2138) terminated with exit code 0
