[2024-08-31T10:08:45.213+0000] {local_task_job_runner.py:120} INFO - ::group::Pre task execution logs
[2024-08-31T10:08:48.880+0000] {taskinstance.py:2076} INFO - Dependencies all met for dep_context=non-requeueable deps ti=<TaskInstance: simple_dag.send_email manual__2024-08-31T09:37:37.557565+00:00 [queued]>
[2024-08-31T10:08:48.915+0000] {taskinstance.py:2076} INFO - Dependencies all met for dep_context=requeueable deps ti=<TaskInstance: simple_dag.send_email manual__2024-08-31T09:37:37.557565+00:00 [queued]>
[2024-08-31T10:08:48.918+0000] {taskinstance.py:2306} INFO - Starting attempt 1 of 2
[2024-08-31T10:08:48.986+0000] {taskinstance.py:2330} INFO - Executing <Task(EmailOperator): send_email> on 2024-08-31 09:37:37.557565+00:00
[2024-08-31T10:08:49.016+0000] {warnings.py:112} WARNING - /home/***/.local/lib/python3.12/site-packages/***/task/task_runner/standard_task_runner.py:62: DeprecationWarning: This process (pid=370) is multi-threaded, use of fork() may lead to deadlocks in the child.
  pid = os.fork()

[2024-08-31T10:08:49.018+0000] {standard_task_runner.py:90} INFO - Running: ['***', 'tasks', 'run', 'simple_dag', 'send_email', 'manual__2024-08-31T09:37:37.557565+00:00', '--job-id', '323', '--raw', '--subdir', 'DAGS_FOLDER/envioemail.py', '--cfg-path', '/tmp/tmpso9eq14w']
[2024-08-31T10:08:49.036+0000] {standard_task_runner.py:91} INFO - Job 323: Subtask send_email
[2024-08-31T10:08:49.036+0000] {standard_task_runner.py:64} INFO - Started process 372 to run task
[2024-08-31T10:08:49.557+0000] {task_command.py:426} INFO - Running <TaskInstance: simple_dag.send_email manual__2024-08-31T09:37:37.557565+00:00 [running]> on host 19bb8daff211
[2024-08-31T10:08:50.090+0000] {taskinstance.py:2648} INFO - Exporting env vars: AIRFLOW_CTX_DAG_OWNER='***' AIRFLOW_CTX_DAG_ID='simple_dag' AIRFLOW_CTX_TASK_ID='send_email' AIRFLOW_CTX_EXECUTION_DATE='2024-08-31T09:37:37.557565+00:00' AIRFLOW_CTX_TRY_NUMBER='1' AIRFLOW_CTX_DAG_RUN_ID='manual__2024-08-31T09:37:37.557565+00:00'
[2024-08-31T10:08:50.095+0000] {taskinstance.py:430} INFO - ::endgroup::
[2024-08-31T10:08:50.252+0000] {base.py:84} INFO - Using connection ID 'smtp_default' for task execution.
[2024-08-31T10:08:50.257+0000] {email.py:271} INFO - Email alerting: attempt 1
[2024-08-31T10:08:51.071+0000] {email.py:282} INFO - Sent an alert email to ['algenet4.jpons@gmail.com']
[2024-08-31T10:08:52.059+0000] {taskinstance.py:441} INFO - ::group::Post task execution logs
[2024-08-31T10:08:52.098+0000] {taskinstance.py:1206} INFO - Marking task as SUCCESS. dag_id=simple_dag, task_id=send_email, run_id=manual__2024-08-31T09:37:37.557565+00:00, execution_date=20240831T093737, start_date=20240831T100848, end_date=20240831T100852
[2024-08-31T10:08:52.167+0000] {local_task_job_runner.py:243} INFO - Task exited with return code 0
[2024-08-31T10:08:52.212+0000] {taskinstance.py:3503} INFO - 0 downstream tasks scheduled from follow-on schedule check
[2024-08-31T10:08:52.217+0000] {local_task_job_runner.py:222} INFO - ::endgroup::
